[5.106s] Invoking command in '/home/pi/fp_ws/build/fp_pkg': PYTHONPATH=/home/pi/fp_ws/build/fp_pkg/prefix_override:/usr/lib/python3/dist-packages/colcon_core/task/python/colcon_distutils_commands:/home/pi/fp_ws/install/fp_pkg/lib/python3.10/site-packages:${PYTHONPATH} /usr/bin/python3 -W ignore:setup.py install is deprecated -W ignore:easy_install command is deprecated setup.py develop --editable --build-directory /home/pi/fp_ws/build/fp_pkg/build --no-deps symlink_data --force
[6.870s] running develop
[8.091s] running egg_info
[8.092s] writing fp_pkg.egg-info/PKG-INFO
[8.096s] writing dependency_links to fp_pkg.egg-info/dependency_links.txt
[8.098s] writing entry points to fp_pkg.egg-info/entry_points.txt
[8.099s] writing requirements to fp_pkg.egg-info/requires.txt
[8.100s] writing top-level names to fp_pkg.egg-info/top_level.txt
[8.109s] reading manifest file 'fp_pkg.egg-info/SOURCES.txt'
[8.114s] writing manifest file 'fp_pkg.egg-info/SOURCES.txt'
[8.124s] running build_ext
[8.127s] Creating /home/pi/fp_ws/install/fp_pkg/lib/python3.10/site-packages/fp-pkg.egg-link (link to .)
[8.132s] Installing carry_node script to /home/pi/fp_ws/install/fp_pkg/lib/fp_pkg
[8.134s] Installing sensor_node script to /home/pi/fp_ws/install/fp_pkg/lib/fp_pkg
[8.136s] 
[8.137s] Installed /home/pi/fp_ws/build/fp_pkg
[8.137s] running symlink_data
[8.138s] symbolically linking /home/pi/fp_ws/build/fp_pkg/resource/fp_pkg -> /home/pi/fp_ws/install/fp_pkg/share/ament_index/resource_index/packages
[8.139s] symbolically linking /home/pi/fp_ws/build/fp_pkg/package.xml -> /home/pi/fp_ws/install/fp_pkg/share/fp_pkg
[8.339s] Invoked command in '/home/pi/fp_ws/build/fp_pkg' returned '0': PYTHONPATH=/home/pi/fp_ws/build/fp_pkg/prefix_override:/usr/lib/python3/dist-packages/colcon_core/task/python/colcon_distutils_commands:/home/pi/fp_ws/install/fp_pkg/lib/python3.10/site-packages:${PYTHONPATH} /usr/bin/python3 -W ignore:setup.py install is deprecated -W ignore:easy_install command is deprecated setup.py develop --editable --build-directory /home/pi/fp_ws/build/fp_pkg/build --no-deps symlink_data --force
