[3.429s] Invoking command in '/home/pi/fp_ws/src/fp_pkg': PYTHONPATH=/home/pi/fp_ws/build/fp_pkg/prefix_override:/usr/lib/python3/dist-packages/colcon_core/task/python/colcon_distutils_commands:/home/pi/fp_ws/install/fp_pkg/lib/python3.10/site-packages:${PYTHONPATH} /usr/bin/python3 -W ignore:setup.py install is deprecated -W ignore:easy_install command is deprecated setup.py egg_info --egg-base ../../build/fp_pkg build --build-base /home/pi/fp_ws/build/fp_pkg/build install --record /home/pi/fp_ws/build/fp_pkg/install.log --single-version-externally-managed install_data
[4.772s] running egg_info
[4.775s] writing ../../build/fp_pkg/fp_pkg.egg-info/PKG-INFO
[4.776s] writing dependency_links to ../../build/fp_pkg/fp_pkg.egg-info/dependency_links.txt
[4.777s] writing entry points to ../../build/fp_pkg/fp_pkg.egg-info/entry_points.txt
[4.778s] writing requirements to ../../build/fp_pkg/fp_pkg.egg-info/requires.txt
[4.779s] writing top-level names to ../../build/fp_pkg/fp_pkg.egg-info/top_level.txt
[4.787s] reading manifest file '../../build/fp_pkg/fp_pkg.egg-info/SOURCES.txt'
[4.790s] writing manifest file '../../build/fp_pkg/fp_pkg.egg-info/SOURCES.txt'
[4.791s] running build
[4.792s] running build_py
[4.794s] running install
[4.795s] running install_lib
[4.806s] running install_data
[4.807s] running install_egg_info
[4.814s] removing '/home/pi/fp_ws/install/fp_pkg/lib/python3.10/site-packages/fp_pkg-0.0.0-py3.10.egg-info' (and everything under it)
[4.816s] Copying ../../build/fp_pkg/fp_pkg.egg-info to /home/pi/fp_ws/install/fp_pkg/lib/python3.10/site-packages/fp_pkg-0.0.0-py3.10.egg-info
[4.821s] running install_scripts
[4.909s] Installing carry_node script to /home/pi/fp_ws/install/fp_pkg/lib/fp_pkg
[4.910s] Installing sensor_node script to /home/pi/fp_ws/install/fp_pkg/lib/fp_pkg
[4.911s] writing list of installed files to '/home/pi/fp_ws/build/fp_pkg/install.log'
[5.036s] Invoked command in '/home/pi/fp_ws/src/fp_pkg' returned '0': PYTHONPATH=/home/pi/fp_ws/build/fp_pkg/prefix_override:/usr/lib/python3/dist-packages/colcon_core/task/python/colcon_distutils_commands:/home/pi/fp_ws/install/fp_pkg/lib/python3.10/site-packages:${PYTHONPATH} /usr/bin/python3 -W ignore:setup.py install is deprecated -W ignore:easy_install command is deprecated setup.py egg_info --egg-base ../../build/fp_pkg build --build-base /home/pi/fp_ws/build/fp_pkg/build install --record /home/pi/fp_ws/build/fp_pkg/install.log --single-version-externally-managed install_data
