[3.558s] Invoking command in '/home/pi/fp_ws/build/fp_pkg': PYTHONPATH=/home/pi/fp_ws/build/fp_pkg/prefix_override:/usr/lib/python3/dist-packages/colcon_core/task/python/colcon_distutils_commands:/home/pi/fp_ws/install/fp_pkg/lib/python3.10/site-packages:${PYTHONPATH} /usr/bin/python3 -W ignore:setup.py install is deprecated -W ignore:easy_install command is deprecated setup.py develop --uninstall --editable --build-directory /home/pi/fp_ws/build/fp_pkg/build
[4.752s] running develop
[5.553s] Removing /home/pi/fp_ws/install/fp_pkg/lib/python3.10/site-packages/fp-pkg.egg-link (link to .)
[5.683s] Invoked command in '/home/pi/fp_ws/build/fp_pkg' returned '0': PYTHONPATH=/home/pi/fp_ws/build/fp_pkg/prefix_override:/usr/lib/python3/dist-packages/colcon_core/task/python/colcon_distutils_commands:/home/pi/fp_ws/install/fp_pkg/lib/python3.10/site-packages:${PYTHONPATH} /usr/bin/python3 -W ignore:setup.py install is deprecated -W ignore:easy_install command is deprecated setup.py develop --uninstall --editable --build-directory /home/pi/fp_ws/build/fp_pkg/build
[5.693s] Invoking command in '/home/pi/fp_ws/src/fp_pkg': PYTHONPATH=/home/pi/fp_ws/build/fp_pkg/prefix_override:/usr/lib/python3/dist-packages/colcon_core/task/python/colcon_distutils_commands:/home/pi/fp_ws/install/fp_pkg/lib/python3.10/site-packages:${PYTHONPATH} /usr/bin/python3 -W ignore:setup.py install is deprecated -W ignore:easy_install command is deprecated setup.py egg_info --egg-base ../../build/fp_pkg build --build-base /home/pi/fp_ws/build/fp_pkg/build install --record /home/pi/fp_ws/build/fp_pkg/install.log --single-version-externally-managed install_data --force
[6.800s] running egg_info
[6.803s] writing ../../build/fp_pkg/fp_pkg.egg-info/PKG-INFO
[6.804s] writing dependency_links to ../../build/fp_pkg/fp_pkg.egg-info/dependency_links.txt
[6.805s] writing entry points to ../../build/fp_pkg/fp_pkg.egg-info/entry_points.txt
[6.806s] writing requirements to ../../build/fp_pkg/fp_pkg.egg-info/requires.txt
[6.806s] writing top-level names to ../../build/fp_pkg/fp_pkg.egg-info/top_level.txt
[6.815s] reading manifest file '../../build/fp_pkg/fp_pkg.egg-info/SOURCES.txt'
[6.820s] writing manifest file '../../build/fp_pkg/fp_pkg.egg-info/SOURCES.txt'
[6.820s] running build
[6.820s] running build_py
[6.825s] copying fp_pkg/carry_node.py -> /home/pi/fp_ws/build/fp_pkg/build/lib/fp_pkg
[6.826s] running install
[6.828s] running install_lib
[6.836s] creating /home/pi/fp_ws/install/fp_pkg/lib/python3.10/site-packages/fp_pkg
[6.837s] copying /home/pi/fp_ws/build/fp_pkg/build/lib/fp_pkg/__init__.py -> /home/pi/fp_ws/install/fp_pkg/lib/python3.10/site-packages/fp_pkg
[6.837s] copying /home/pi/fp_ws/build/fp_pkg/build/lib/fp_pkg/sensor_node.py -> /home/pi/fp_ws/install/fp_pkg/lib/python3.10/site-packages/fp_pkg
[6.840s] copying /home/pi/fp_ws/build/fp_pkg/build/lib/fp_pkg/carry_node.py -> /home/pi/fp_ws/install/fp_pkg/lib/python3.10/site-packages/fp_pkg
[6.843s] byte-compiling /home/pi/fp_ws/install/fp_pkg/lib/python3.10/site-packages/fp_pkg/__init__.py to __init__.cpython-310.pyc
[6.844s] byte-compiling /home/pi/fp_ws/install/fp_pkg/lib/python3.10/site-packages/fp_pkg/sensor_node.py to sensor_node.cpython-310.pyc
[6.849s] byte-compiling /home/pi/fp_ws/install/fp_pkg/lib/python3.10/site-packages/fp_pkg/carry_node.py to carry_node.cpython-310.pyc
[6.857s] running install_data
[6.860s] copying resource/fp_pkg -> /home/pi/fp_ws/install/fp_pkg/share/ament_index/resource_index/packages
[6.862s] copying package.xml -> /home/pi/fp_ws/install/fp_pkg/share/fp_pkg
[6.863s] running install_egg_info
[6.870s] Copying ../../build/fp_pkg/fp_pkg.egg-info to /home/pi/fp_ws/install/fp_pkg/lib/python3.10/site-packages/fp_pkg-0.0.0-py3.10.egg-info
[6.877s] running install_scripts
[6.955s] Installing carry_node script to /home/pi/fp_ws/install/fp_pkg/lib/fp_pkg
[6.956s] Installing sensor_node script to /home/pi/fp_ws/install/fp_pkg/lib/fp_pkg
[6.958s] writing list of installed files to '/home/pi/fp_ws/build/fp_pkg/install.log'
[7.075s] Invoked command in '/home/pi/fp_ws/src/fp_pkg' returned '0': PYTHONPATH=/home/pi/fp_ws/build/fp_pkg/prefix_override:/usr/lib/python3/dist-packages/colcon_core/task/python/colcon_distutils_commands:/home/pi/fp_ws/install/fp_pkg/lib/python3.10/site-packages:${PYTHONPATH} /usr/bin/python3 -W ignore:setup.py install is deprecated -W ignore:easy_install command is deprecated setup.py egg_info --egg-base ../../build/fp_pkg build --build-base /home/pi/fp_ws/build/fp_pkg/build install --record /home/pi/fp_ws/build/fp_pkg/install.log --single-version-externally-managed install_data --force
