[0.708s] DEBUG:colcon:Command line arguments: ['/usr/bin/colcon', 'build']
[0.709s] DEBUG:colcon:Parsed command line arguments: Namespace(log_base=None, log_level=None, verb_name='build', build_base='build', install_base='install', merge_install=False, symlink_install=False, test_result_base=None, continue_on_error=False, executor='parallel', parallel_workers=4, event_handlers=None, ignore_user_meta=False, metas=['./colcon.meta'], base_paths=['.'], packages_ignore=None, packages_ignore_regex=None, paths=None, packages_up_to=None, packages_up_to_regex=None, packages_above=None, packages_above_and_dependencies=None, packages_above_depth=None, packages_select_by_dep=None, packages_skip_by_dep=None, packages_skip_up_to=None, packages_select_build_failed=False, packages_skip_build_finished=False, packages_select_test_failures=False, packages_skip_test_passed=False, packages_select=None, packages_skip=None, packages_select_regex=None, packages_skip_regex=None, packages_start=None, packages_end=None, allow_overriding=[], cmake_args=None, cmake_target=None, cmake_target_skip_unavailable=False, cmake_clean_cache=False, cmake_clean_first=False, cmake_force_configure=False, ament_cmake_args=None, catkin_cmake_args=None, catkin_skip_building_tests=False, verb_parser=<colcon_defaults.argument_parser.defaults.DefaultArgumentsDecorator object at 0xffff8cfd5000>, verb_extension=<colcon_core.verb.build.BuildVerb object at 0xffff8d176470>, main=<bound method BuildVerb.main of <colcon_core.verb.build.BuildVerb object at 0xffff8d176470>>)
[2.066s] Level 1:colcon.colcon_core.package_discovery:discover_packages(colcon_meta) check parameters
[2.067s] Level 1:colcon.colcon_core.package_discovery:discover_packages(recursive) check parameters
[2.067s] Level 1:colcon.colcon_core.package_discovery:discover_packages(ignore) check parameters
[2.067s] Level 1:colcon.colcon_core.package_discovery:discover_packages(path) check parameters
[2.067s] Level 1:colcon.colcon_core.package_discovery:discover_packages(colcon_meta) discover
[2.067s] Level 1:colcon.colcon_core.package_discovery:discover_packages(recursive) discover
[2.068s] INFO:colcon.colcon_core.package_discovery:Crawling recursively for packages in '/home/pi/fp_ws/src'
[2.068s] Level 1:colcon.colcon_core.package_identification:_identify(.) by extensions ['ignore', 'ignore_ament_install']
[2.068s] Level 1:colcon.colcon_core.package_identification:_identify(.) by extension 'ignore'
[2.069s] Level 1:colcon.colcon_core.package_identification:_identify(.) by extension 'ignore_ament_install'
[2.069s] Level 1:colcon.colcon_core.package_identification:_identify(.) by extensions ['colcon_pkg']
[2.069s] Level 1:colcon.colcon_core.package_identification:_identify(.) by extension 'colcon_pkg'
[2.069s] Level 1:colcon.colcon_core.package_identification:_identify(.) by extensions ['colcon_meta']
[2.070s] Level 1:colcon.colcon_core.package_identification:_identify(.) by extension 'colcon_meta'
[2.070s] Level 1:colcon.colcon_core.package_identification:_identify(.) by extensions ['ros']
[2.070s] Level 1:colcon.colcon_core.package_identification:_identify(.) by extension 'ros'
[2.141s] Level 1:colcon.colcon_core.package_identification:_identify(.) by extensions ['cmake', 'python']
[2.141s] Level 1:colcon.colcon_core.package_identification:_identify(.) by extension 'cmake'
[2.147s] Level 1:colcon.colcon_core.package_identification:_identify(.) by extension 'python'
[2.147s] Level 1:colcon.colcon_core.package_identification:_identify(.) by extensions ['python_setup_py']
[2.148s] Level 1:colcon.colcon_core.package_identification:_identify(.) by extension 'python_setup_py'
[2.148s] Level 1:colcon.colcon_core.package_identification:_identify(build) by extensions ['ignore', 'ignore_ament_install']
[2.149s] Level 1:colcon.colcon_core.package_identification:_identify(build) by extension 'ignore'
[2.149s] Level 1:colcon.colcon_core.package_identification:_identify(build) ignored
[2.149s] Level 1:colcon.colcon_core.package_identification:_identify(fp_pkg) by extensions ['ignore', 'ignore_ament_install']
[2.150s] Level 1:colcon.colcon_core.package_identification:_identify(fp_pkg) by extension 'ignore'
[2.150s] Level 1:colcon.colcon_core.package_identification:_identify(fp_pkg) by extension 'ignore_ament_install'
[2.150s] Level 1:colcon.colcon_core.package_identification:_identify(fp_pkg) by extensions ['colcon_pkg']
[2.150s] Level 1:colcon.colcon_core.package_identification:_identify(fp_pkg) by extension 'colcon_pkg'
[2.150s] Level 1:colcon.colcon_core.package_identification:_identify(fp_pkg) by extensions ['colcon_meta']
[2.151s] Level 1:colcon.colcon_core.package_identification:_identify(fp_pkg) by extension 'colcon_meta'
[2.151s] Level 1:colcon.colcon_core.package_identification:_identify(fp_pkg) by extensions ['ros']
[2.151s] Level 1:colcon.colcon_core.package_identification:_identify(fp_pkg) by extension 'ros'
[2.168s] DEBUG:colcon.colcon_core.package_identification:Package 'fp_pkg' with type 'ros.ament_python' and name 'fp_pkg'
[2.169s] Level 1:colcon.colcon_core.package_identification:_identify(install) by extensions ['ignore', 'ignore_ament_install']
[2.169s] Level 1:colcon.colcon_core.package_identification:_identify(install) by extension 'ignore'
[2.170s] Level 1:colcon.colcon_core.package_identification:_identify(install) ignored
[2.170s] Level 1:colcon.colcon_core.package_identification:_identify(log) by extensions ['ignore', 'ignore_ament_install']
[2.171s] Level 1:colcon.colcon_core.package_identification:_identify(log) by extension 'ignore'
[2.171s] Level 1:colcon.colcon_core.package_identification:_identify(log) ignored
[2.171s] Level 1:colcon.colcon_core.package_discovery:discover_packages(recursive) using defaults
[2.171s] Level 1:colcon.colcon_core.package_discovery:discover_packages(ignore) discover
[2.171s] Level 1:colcon.colcon_core.package_discovery:discover_packages(ignore) using defaults
[2.172s] Level 1:colcon.colcon_core.package_discovery:discover_packages(path) discover
[2.172s] Level 1:colcon.colcon_core.package_discovery:discover_packages(path) using defaults
[2.346s] Level 1:colcon.colcon_core.package_discovery:discover_packages(prefix_path) check parameters
[2.346s] Level 1:colcon.colcon_core.package_discovery:discover_packages(prefix_path) discover
[2.367s] DEBUG:colcon.colcon_installed_package_information.package_discovery:Found 8 installed packages in /home/pi/turtlebot3_ws/install
[2.379s] DEBUG:colcon.colcon_installed_package_information.package_discovery:Found 333 installed packages in /opt/ros/humble
[2.388s] Level 1:colcon.colcon_core.package_discovery:discover_packages(prefix_path) using defaults
[2.623s] Level 5:colcon.colcon_core.verb:set package 'fp_pkg' build argument 'cmake_args' from command line to 'None'
[2.623s] Level 5:colcon.colcon_core.verb:set package 'fp_pkg' build argument 'cmake_target' from command line to 'None'
[2.624s] Level 5:colcon.colcon_core.verb:set package 'fp_pkg' build argument 'cmake_target_skip_unavailable' from command line to 'False'
[2.624s] Level 5:colcon.colcon_core.verb:set package 'fp_pkg' build argument 'cmake_clean_cache' from command line to 'False'
[2.624s] Level 5:colcon.colcon_core.verb:set package 'fp_pkg' build argument 'cmake_clean_first' from command line to 'False'
[2.624s] Level 5:colcon.colcon_core.verb:set package 'fp_pkg' build argument 'cmake_force_configure' from command line to 'False'
[2.624s] Level 5:colcon.colcon_core.verb:set package 'fp_pkg' build argument 'ament_cmake_args' from command line to 'None'
[2.624s] Level 5:colcon.colcon_core.verb:set package 'fp_pkg' build argument 'catkin_cmake_args' from command line to 'None'
[2.624s] Level 5:colcon.colcon_core.verb:set package 'fp_pkg' build argument 'catkin_skip_building_tests' from command line to 'False'
[2.624s] DEBUG:colcon.colcon_core.verb:Building package 'fp_pkg' with the following arguments: {'ament_cmake_args': None, 'build_base': '/home/pi/fp_ws/src/build/fp_pkg', 'catkin_cmake_args': None, 'catkin_skip_building_tests': False, 'cmake_args': None, 'cmake_clean_cache': False, 'cmake_clean_first': False, 'cmake_force_configure': False, 'cmake_target': None, 'cmake_target_skip_unavailable': False, 'install_base': '/home/pi/fp_ws/src/install/fp_pkg', 'merge_install': False, 'path': '/home/pi/fp_ws/src/fp_pkg', 'symlink_install': False, 'test_result_base': None}
[2.625s] INFO:colcon.colcon_core.executor:Executing jobs using 'parallel' executor
[2.628s] DEBUG:colcon.colcon_parallel_executor.executor.parallel:run_until_complete
[2.629s] INFO:colcon.colcon_ros.task.ament_python.build:Building ROS package in '/home/pi/fp_ws/src/fp_pkg' with build type 'ament_python'
[2.629s] Level 1:colcon.colcon_core.shell:create_environment_hook('fp_pkg', 'ament_prefix_path')
[2.651s] INFO:colcon.colcon_core.plugin_system:Skipping extension 'colcon_core.shell.bat': Not used on non-Windows systems
[2.652s] INFO:colcon.colcon_core.shell:Creating environment hook '/home/pi/fp_ws/src/install/fp_pkg/share/fp_pkg/hook/ament_prefix_path.ps1'
[2.663s] INFO:colcon.colcon_core.shell:Creating environment descriptor '/home/pi/fp_ws/src/install/fp_pkg/share/fp_pkg/hook/ament_prefix_path.dsv'
[2.668s] INFO:colcon.colcon_core.shell:Creating environment hook '/home/pi/fp_ws/src/install/fp_pkg/share/fp_pkg/hook/ament_prefix_path.sh'
[2.676s] INFO:colcon.colcon_core.shell:Skip shell extension 'powershell' for command environment: Not usable outside of PowerShell
[2.676s] DEBUG:colcon.colcon_core.shell:Skip shell extension 'dsv' for command environment
[3.911s] INFO:colcon.colcon_core.task.python.build:Building Python package in '/home/pi/fp_ws/src/fp_pkg'
[3.912s] INFO:colcon.colcon_core.shell:Skip shell extension 'powershell' for command environment: Not usable outside of PowerShell
[3.912s] DEBUG:colcon.colcon_core.shell:Skip shell extension 'dsv' for command environment
[6.194s] DEBUG:colcon.colcon_core.event_handler.log_command:Invoking command in '/home/pi/fp_ws/src/fp_pkg': PYTHONPATH=/home/pi/fp_ws/src/build/fp_pkg/prefix_override:/usr/lib/python3/dist-packages/colcon_core/task/python/colcon_distutils_commands:/home/pi/fp_ws/src/install/fp_pkg/lib/python3.10/site-packages:${PYTHONPATH} /usr/bin/python3 -W ignore:setup.py install is deprecated -W ignore:easy_install command is deprecated setup.py egg_info --egg-base ../build/fp_pkg build --build-base /home/pi/fp_ws/src/build/fp_pkg/build install --record /home/pi/fp_ws/src/build/fp_pkg/install.log --single-version-externally-managed install_data
[7.619s] DEBUG:colcon.colcon_core.event_handler.log_command:Invoked command in '/home/pi/fp_ws/src/fp_pkg' returned '0': PYTHONPATH=/home/pi/fp_ws/src/build/fp_pkg/prefix_override:/usr/lib/python3/dist-packages/colcon_core/task/python/colcon_distutils_commands:/home/pi/fp_ws/src/install/fp_pkg/lib/python3.10/site-packages:${PYTHONPATH} /usr/bin/python3 -W ignore:setup.py install is deprecated -W ignore:easy_install command is deprecated setup.py egg_info --egg-base ../build/fp_pkg build --build-base /home/pi/fp_ws/src/build/fp_pkg/build install --record /home/pi/fp_ws/src/build/fp_pkg/install.log --single-version-externally-managed install_data
[7.645s] Level 1:colcon.colcon_core.environment:checking '/home/pi/fp_ws/src/install/fp_pkg' for CMake module files
[7.648s] Level 1:colcon.colcon_core.environment:checking '/home/pi/fp_ws/src/install/fp_pkg' for CMake config files
[7.655s] Level 1:colcon.colcon_core.environment:checking '/home/pi/fp_ws/src/install/fp_pkg/lib'
[7.655s] Level 1:colcon.colcon_core.environment:checking '/home/pi/fp_ws/src/install/fp_pkg/bin'
[7.656s] Level 1:colcon.colcon_core.environment:checking '/home/pi/fp_ws/src/install/fp_pkg/lib/pkgconfig/fp_pkg.pc'
[7.657s] Level 1:colcon.colcon_core.environment:checking '/home/pi/fp_ws/src/install/fp_pkg/lib/python3.10/site-packages'
[7.657s] Level 1:colcon.colcon_core.shell:create_environment_hook('fp_pkg', 'pythonpath')
[7.658s] INFO:colcon.colcon_core.shell:Creating environment hook '/home/pi/fp_ws/src/install/fp_pkg/share/fp_pkg/hook/pythonpath.ps1'
[7.661s] INFO:colcon.colcon_core.shell:Creating environment descriptor '/home/pi/fp_ws/src/install/fp_pkg/share/fp_pkg/hook/pythonpath.dsv'
[7.663s] INFO:colcon.colcon_core.shell:Creating environment hook '/home/pi/fp_ws/src/install/fp_pkg/share/fp_pkg/hook/pythonpath.sh'
[7.667s] Level 1:colcon.colcon_core.environment:checking '/home/pi/fp_ws/src/install/fp_pkg/bin'
[7.667s] Level 1:colcon.colcon_core.environment:create_environment_scripts_only(fp_pkg)
[7.668s] INFO:colcon.colcon_core.shell:Creating package script '/home/pi/fp_ws/src/install/fp_pkg/share/fp_pkg/package.ps1'
[7.673s] INFO:colcon.colcon_core.shell:Creating package descriptor '/home/pi/fp_ws/src/install/fp_pkg/share/fp_pkg/package.dsv'
[7.679s] INFO:colcon.colcon_core.shell:Creating package script '/home/pi/fp_ws/src/install/fp_pkg/share/fp_pkg/package.sh'
[7.686s] INFO:colcon.colcon_core.shell:Creating package script '/home/pi/fp_ws/src/install/fp_pkg/share/fp_pkg/package.bash'
[7.695s] INFO:colcon.colcon_core.shell:Creating package script '/home/pi/fp_ws/src/install/fp_pkg/share/fp_pkg/package.zsh'
[7.704s] Level 1:colcon.colcon_core.environment:create_file_with_runtime_dependencies(/home/pi/fp_ws/src/install/fp_pkg/share/colcon-core/packages/fp_pkg)
[7.705s] DEBUG:colcon.colcon_parallel_executor.executor.parallel:closing loop
[7.708s] DEBUG:colcon.colcon_parallel_executor.executor.parallel:loop closed
[7.708s] DEBUG:colcon.colcon_parallel_executor.executor.parallel:run_until_complete finished with '0'
[7.708s] DEBUG:colcon.colcon_core.event_reactor:joining thread
[7.735s] INFO:colcon.colcon_core.plugin_system:Skipping extension 'colcon_notification.desktop_notification.notify_send': Could not find 'notify-send'
[7.735s] INFO:colcon.colcon_core.plugin_system:Skipping extension 'colcon_notification.desktop_notification.terminal_notifier': Not used on non-Darwin systems
[7.735s] INFO:colcon.colcon_core.plugin_system:Skipping extension 'colcon_notification.desktop_notification.win32': Not used on non-Windows systems
[7.735s] INFO:colcon.colcon_notification.desktop_notification:Sending desktop notification using 'notify2'
[7.769s] DEBUG:colcon.colcon_notification.desktop_notification.notify2:Failed to initialize notify2: org.freedesktop.DBus.Error.ServiceUnknown: The name org.freedesktop.Notifications was not provided by any .service files
[7.770s] DEBUG:colcon.colcon_core.event_reactor:joined thread
[7.771s] INFO:colcon.colcon_core.shell:Creating prefix script '/home/pi/fp_ws/src/install/local_setup.ps1'
[7.777s] INFO:colcon.colcon_core.shell:Creating prefix util module '/home/pi/fp_ws/src/install/_local_setup_util_ps1.py'
[7.787s] INFO:colcon.colcon_core.shell:Creating prefix chain script '/home/pi/fp_ws/src/install/setup.ps1'
[7.795s] INFO:colcon.colcon_core.shell:Creating prefix script '/home/pi/fp_ws/src/install/local_setup.sh'
[7.801s] INFO:colcon.colcon_core.shell:Creating prefix util module '/home/pi/fp_ws/src/install/_local_setup_util_sh.py'
[7.805s] INFO:colcon.colcon_core.shell:Creating prefix chain script '/home/pi/fp_ws/src/install/setup.sh'
[7.815s] INFO:colcon.colcon_core.shell:Creating prefix script '/home/pi/fp_ws/src/install/local_setup.bash'
[7.820s] INFO:colcon.colcon_core.shell:Creating prefix chain script '/home/pi/fp_ws/src/install/setup.bash'
[7.828s] INFO:colcon.colcon_core.shell:Creating prefix script '/home/pi/fp_ws/src/install/local_setup.zsh'
[7.834s] INFO:colcon.colcon_core.shell:Creating prefix chain script '/home/pi/fp_ws/src/install/setup.zsh'
