[3.719s] Invoking command in '/home/pi/fp_ws/src/fp_pkg': PYTHONPATH=/home/pi/fp_ws/build/fp_pkg/prefix_override:/usr/lib/python3/dist-packages/colcon_core/task/python/colcon_distutils_commands:/home/pi/fp_ws/install/fp_pkg/lib/python3.10/site-packages:${PYTHONPATH} /usr/bin/python3 -W ignore:setup.py install is deprecated -W ignore:easy_install command is deprecated setup.py egg_info --egg-base ../../build/fp_pkg build --build-base /home/pi/fp_ws/build/fp_pkg/build install --record /home/pi/fp_ws/build/fp_pkg/install.log --single-version-externally-managed install_data
[4.883s] running egg_info
[4.885s] creating ../../build/fp_pkg/fp_pkg.egg-info
[4.886s] writing ../../build/fp_pkg/fp_pkg.egg-info/PKG-INFO
[4.888s] writing dependency_links to ../../build/fp_pkg/fp_pkg.egg-info/dependency_links.txt
[4.888s] writing entry points to ../../build/fp_pkg/fp_pkg.egg-info/entry_points.txt
[4.889s] writing requirements to ../../build/fp_pkg/fp_pkg.egg-info/requires.txt
[4.890s] writing top-level names to ../../build/fp_pkg/fp_pkg.egg-info/top_level.txt
[4.891s] writing manifest file '../../build/fp_pkg/fp_pkg.egg-info/SOURCES.txt'
[4.898s] reading manifest file '../../build/fp_pkg/fp_pkg.egg-info/SOURCES.txt'
[4.900s] writing manifest file '../../build/fp_pkg/fp_pkg.egg-info/SOURCES.txt'
[4.901s] running build
[4.901s] running build_py
[4.902s] creating /home/pi/fp_ws/build/fp_pkg/build
[4.903s] creating /home/pi/fp_ws/build/fp_pkg/build/lib
[4.903s] creating /home/pi/fp_ws/build/fp_pkg/build/lib/fp_pkg
[4.903s] copying fp_pkg/__init__.py -> /home/pi/fp_ws/build/fp_pkg/build/lib/fp_pkg
[4.904s] running install
[4.905s] running install_lib
[4.913s] creating /home/pi/fp_ws/install/fp_pkg/lib/python3.10/site-packages/fp_pkg
[4.913s] copying /home/pi/fp_ws/build/fp_pkg/build/lib/fp_pkg/__init__.py -> /home/pi/fp_ws/install/fp_pkg/lib/python3.10/site-packages/fp_pkg
[4.916s] byte-compiling /home/pi/fp_ws/install/fp_pkg/lib/python3.10/site-packages/fp_pkg/__init__.py to __init__.cpython-310.pyc
[4.917s] running install_data
[4.918s] creating /home/pi/fp_ws/install/fp_pkg/share/ament_index
[4.918s] creating /home/pi/fp_ws/install/fp_pkg/share/ament_index/resource_index
[4.919s] creating /home/pi/fp_ws/install/fp_pkg/share/ament_index/resource_index/packages
[4.919s] copying resource/fp_pkg -> /home/pi/fp_ws/install/fp_pkg/share/ament_index/resource_index/packages
[4.919s] copying package.xml -> /home/pi/fp_ws/install/fp_pkg/share/fp_pkg
[4.920s] running install_egg_info
[4.927s] Copying ../../build/fp_pkg/fp_pkg.egg-info to /home/pi/fp_ws/install/fp_pkg/lib/python3.10/site-packages/fp_pkg-0.0.0-py3.10.egg-info
[4.932s] running install_scripts
[5.012s] writing list of installed files to '/home/pi/fp_ws/build/fp_pkg/install.log'
[5.129s] Invoked command in '/home/pi/fp_ws/src/fp_pkg' returned '0': PYTHONPATH=/home/pi/fp_ws/build/fp_pkg/prefix_override:/usr/lib/python3/dist-packages/colcon_core/task/python/colcon_distutils_commands:/home/pi/fp_ws/install/fp_pkg/lib/python3.10/site-packages:${PYTHONPATH} /usr/bin/python3 -W ignore:setup.py install is deprecated -W ignore:easy_install command is deprecated setup.py egg_info --egg-base ../../build/fp_pkg build --build-base /home/pi/fp_ws/build/fp_pkg/build install --record /home/pi/fp_ws/build/fp_pkg/install.log --single-version-externally-managed install_data
