[0.843s] DEBUG:colcon:Command line arguments: ['/usr/bin/colcon', 'build']
[0.844s] DEBUG:colcon:Parsed command line arguments: Namespace(log_base=None, log_level=None, verb_name='build', build_base='build', install_base='install', merge_install=False, symlink_install=False, test_result_base=None, continue_on_error=False, executor='parallel', parallel_workers=4, event_handlers=None, ignore_user_meta=False, metas=['./colcon.meta'], base_paths=['.'], packages_ignore=None, packages_ignore_regex=None, paths=None, packages_up_to=None, packages_up_to_regex=None, packages_above=None, packages_above_and_dependencies=None, packages_above_depth=None, packages_select_by_dep=None, packages_skip_by_dep=None, packages_skip_up_to=None, packages_select_build_failed=False, packages_skip_build_finished=False, packages_select_test_failures=False, packages_skip_test_passed=False, packages_select=None, packages_skip=None, packages_select_regex=None, packages_skip_regex=None, packages_start=None, packages_end=None, allow_overriding=[], cmake_args=None, cmake_target=None, cmake_target_skip_unavailable=False, cmake_clean_cache=False, cmake_clean_first=False, cmake_force_configure=False, ament_cmake_args=None, catkin_cmake_args=None, catkin_skip_building_tests=False, verb_parser=<colcon_defaults.argument_parser.defaults.DefaultArgumentsDecorator object at 0xffff7f4e5000>, verb_extension=<colcon_core.verb.build.BuildVerb object at 0xffff7f682470>, main=<bound method BuildVerb.main of <colcon_core.verb.build.BuildVerb object at 0xffff7f682470>>)
[2.405s] Level 1:colcon.colcon_core.package_discovery:discover_packages(colcon_meta) check parameters
[2.405s] Level 1:colcon.colcon_core.package_discovery:discover_packages(recursive) check parameters
[2.405s] Level 1:colcon.colcon_core.package_discovery:discover_packages(ignore) check parameters
[2.406s] Level 1:colcon.colcon_core.package_discovery:discover_packages(path) check parameters
[2.406s] Level 1:colcon.colcon_core.package_discovery:discover_packages(colcon_meta) discover
[2.406s] Level 1:colcon.colcon_core.package_discovery:discover_packages(recursive) discover
[2.406s] INFO:colcon.colcon_core.package_discovery:Crawling recursively for packages in '/home/pi/fp_ws'
[2.407s] Level 1:colcon.colcon_core.package_identification:_identify(.) by extensions ['ignore', 'ignore_ament_install']
[2.407s] Level 1:colcon.colcon_core.package_identification:_identify(.) by extension 'ignore'
[2.408s] Level 1:colcon.colcon_core.package_identification:_identify(.) by extension 'ignore_ament_install'
[2.408s] Level 1:colcon.colcon_core.package_identification:_identify(.) by extensions ['colcon_pkg']
[2.408s] Level 1:colcon.colcon_core.package_identification:_identify(.) by extension 'colcon_pkg'
[2.408s] Level 1:colcon.colcon_core.package_identification:_identify(.) by extensions ['colcon_meta']
[2.408s] Level 1:colcon.colcon_core.package_identification:_identify(.) by extension 'colcon_meta'
[2.409s] Level 1:colcon.colcon_core.package_identification:_identify(.) by extensions ['ros']
[2.409s] Level 1:colcon.colcon_core.package_identification:_identify(.) by extension 'ros'
[2.484s] Level 1:colcon.colcon_core.package_identification:_identify(.) by extensions ['cmake', 'python']
[2.485s] Level 1:colcon.colcon_core.package_identification:_identify(.) by extension 'cmake'
[2.485s] Level 1:colcon.colcon_core.package_identification:_identify(.) by extension 'python'
[2.485s] Level 1:colcon.colcon_core.package_identification:_identify(.) by extensions ['python_setup_py']
[2.485s] Level 1:colcon.colcon_core.package_identification:_identify(.) by extension 'python_setup_py'
[2.486s] Level 1:colcon.colcon_core.package_identification:_identify(build) by extensions ['ignore', 'ignore_ament_install']
[2.486s] Level 1:colcon.colcon_core.package_identification:_identify(build) by extension 'ignore'
[2.486s] Level 1:colcon.colcon_core.package_identification:_identify(build) ignored
[2.487s] Level 1:colcon.colcon_core.package_identification:_identify(install) by extensions ['ignore', 'ignore_ament_install']
[2.487s] Level 1:colcon.colcon_core.package_identification:_identify(install) by extension 'ignore'
[2.488s] Level 1:colcon.colcon_core.package_identification:_identify(install) ignored
[2.488s] Level 1:colcon.colcon_core.package_identification:_identify(log) by extensions ['ignore', 'ignore_ament_install']
[2.489s] Level 1:colcon.colcon_core.package_identification:_identify(log) by extension 'ignore'
[2.489s] Level 1:colcon.colcon_core.package_identification:_identify(log) ignored
[2.489s] Level 1:colcon.colcon_core.package_identification:_identify(src) by extensions ['ignore', 'ignore_ament_install']
[2.490s] Level 1:colcon.colcon_core.package_identification:_identify(src) by extension 'ignore'
[2.490s] Level 1:colcon.colcon_core.package_identification:_identify(src) by extension 'ignore_ament_install'
[2.490s] Level 1:colcon.colcon_core.package_identification:_identify(src) by extensions ['colcon_pkg']
[2.490s] Level 1:colcon.colcon_core.package_identification:_identify(src) by extension 'colcon_pkg'
[2.490s] Level 1:colcon.colcon_core.package_identification:_identify(src) by extensions ['colcon_meta']
[2.491s] Level 1:colcon.colcon_core.package_identification:_identify(src) by extension 'colcon_meta'
[2.491s] Level 1:colcon.colcon_core.package_identification:_identify(src) by extensions ['ros']
[2.491s] Level 1:colcon.colcon_core.package_identification:_identify(src) by extension 'ros'
[2.491s] Level 1:colcon.colcon_core.package_identification:_identify(src) by extensions ['cmake', 'python']
[2.491s] Level 1:colcon.colcon_core.package_identification:_identify(src) by extension 'cmake'
[2.492s] Level 1:colcon.colcon_core.package_identification:_identify(src) by extension 'python'
[2.492s] Level 1:colcon.colcon_core.package_identification:_identify(src) by extensions ['python_setup_py']
[2.492s] Level 1:colcon.colcon_core.package_identification:_identify(src) by extension 'python_setup_py'
[2.493s] Level 1:colcon.colcon_core.package_identification:_identify(src/fp_pkg) by extensions ['ignore', 'ignore_ament_install']
[2.493s] Level 1:colcon.colcon_core.package_identification:_identify(src/fp_pkg) by extension 'ignore'
[2.493s] Level 1:colcon.colcon_core.package_identification:_identify(src/fp_pkg) by extension 'ignore_ament_install'
[2.494s] Level 1:colcon.colcon_core.package_identification:_identify(src/fp_pkg) by extensions ['colcon_pkg']
[2.494s] Level 1:colcon.colcon_core.package_identification:_identify(src/fp_pkg) by extension 'colcon_pkg'
[2.494s] Level 1:colcon.colcon_core.package_identification:_identify(src/fp_pkg) by extensions ['colcon_meta']
[2.494s] Level 1:colcon.colcon_core.package_identification:_identify(src/fp_pkg) by extension 'colcon_meta'
[2.494s] Level 1:colcon.colcon_core.package_identification:_identify(src/fp_pkg) by extensions ['ros']
[2.494s] Level 1:colcon.colcon_core.package_identification:_identify(src/fp_pkg) by extension 'ros'
[2.509s] DEBUG:colcon.colcon_core.package_identification:Package 'src/fp_pkg' with type 'ros.ament_python' and name 'fp_pkg'
[2.509s] Level 1:colcon.colcon_core.package_discovery:discover_packages(recursive) using defaults
[2.510s] Level 1:colcon.colcon_core.package_discovery:discover_packages(ignore) discover
[2.510s] Level 1:colcon.colcon_core.package_discovery:discover_packages(ignore) using defaults
[2.510s] Level 1:colcon.colcon_core.package_discovery:discover_packages(path) discover
[2.510s] Level 1:colcon.colcon_core.package_discovery:discover_packages(path) using defaults
[2.702s] Level 1:colcon.colcon_core.package_discovery:discover_packages(prefix_path) check parameters
[2.702s] Level 1:colcon.colcon_core.package_discovery:discover_packages(prefix_path) discover
[2.726s] DEBUG:colcon.colcon_installed_package_information.package_discovery:Found 8 installed packages in /home/pi/turtlebot3_ws/install
[2.738s] DEBUG:colcon.colcon_installed_package_information.package_discovery:Found 333 installed packages in /opt/ros/humble
[2.746s] Level 1:colcon.colcon_core.package_discovery:discover_packages(prefix_path) using defaults
[3.006s] Level 5:colcon.colcon_core.verb:set package 'fp_pkg' build argument 'cmake_args' from command line to 'None'
[3.006s] Level 5:colcon.colcon_core.verb:set package 'fp_pkg' build argument 'cmake_target' from command line to 'None'
[3.007s] Level 5:colcon.colcon_core.verb:set package 'fp_pkg' build argument 'cmake_target_skip_unavailable' from command line to 'False'
[3.007s] Level 5:colcon.colcon_core.verb:set package 'fp_pkg' build argument 'cmake_clean_cache' from command line to 'False'
[3.007s] Level 5:colcon.colcon_core.verb:set package 'fp_pkg' build argument 'cmake_clean_first' from command line to 'False'
[3.007s] Level 5:colcon.colcon_core.verb:set package 'fp_pkg' build argument 'cmake_force_configure' from command line to 'False'
[3.007s] Level 5:colcon.colcon_core.verb:set package 'fp_pkg' build argument 'ament_cmake_args' from command line to 'None'
[3.007s] Level 5:colcon.colcon_core.verb:set package 'fp_pkg' build argument 'catkin_cmake_args' from command line to 'None'
[3.007s] Level 5:colcon.colcon_core.verb:set package 'fp_pkg' build argument 'catkin_skip_building_tests' from command line to 'False'
[3.007s] DEBUG:colcon.colcon_core.verb:Building package 'fp_pkg' with the following arguments: {'ament_cmake_args': None, 'build_base': '/home/pi/fp_ws/build/fp_pkg', 'catkin_cmake_args': None, 'catkin_skip_building_tests': False, 'cmake_args': None, 'cmake_clean_cache': False, 'cmake_clean_first': False, 'cmake_force_configure': False, 'cmake_target': None, 'cmake_target_skip_unavailable': False, 'install_base': '/home/pi/fp_ws/install/fp_pkg', 'merge_install': False, 'path': '/home/pi/fp_ws/src/fp_pkg', 'symlink_install': False, 'test_result_base': None}
[3.008s] INFO:colcon.colcon_core.executor:Executing jobs using 'parallel' executor
[3.012s] DEBUG:colcon.colcon_parallel_executor.executor.parallel:run_until_complete
[3.014s] INFO:colcon.colcon_ros.task.ament_python.build:Building ROS package in '/home/pi/fp_ws/src/fp_pkg' with build type 'ament_python'
[3.015s] Level 1:colcon.colcon_core.shell:create_environment_hook('fp_pkg', 'ament_prefix_path')
[3.039s] INFO:colcon.colcon_core.plugin_system:Skipping extension 'colcon_core.shell.bat': Not used on non-Windows systems
[3.040s] INFO:colcon.colcon_core.shell:Creating environment hook '/home/pi/fp_ws/install/fp_pkg/share/fp_pkg/hook/ament_prefix_path.ps1'
[3.047s] INFO:colcon.colcon_core.shell:Creating environment descriptor '/home/pi/fp_ws/install/fp_pkg/share/fp_pkg/hook/ament_prefix_path.dsv'
[3.054s] INFO:colcon.colcon_core.shell:Creating environment hook '/home/pi/fp_ws/install/fp_pkg/share/fp_pkg/hook/ament_prefix_path.sh'
[3.061s] INFO:colcon.colcon_core.shell:Skip shell extension 'powershell' for command environment: Not usable outside of PowerShell
[3.061s] DEBUG:colcon.colcon_core.shell:Skip shell extension 'dsv' for command environment
[4.479s] INFO:colcon.colcon_core.task.python.build:Building Python package in '/home/pi/fp_ws/src/fp_pkg'
[4.482s] INFO:colcon.colcon_core.shell:Skip shell extension 'powershell' for command environment: Not usable outside of PowerShell
[4.482s] DEBUG:colcon.colcon_core.shell:Skip shell extension 'dsv' for command environment
[7.077s] DEBUG:colcon.colcon_core.event_handler.log_command:Invoking command in '/home/pi/fp_ws/src/fp_pkg': PYTHONPATH=/home/pi/fp_ws/build/fp_pkg/prefix_override:/usr/lib/python3/dist-packages/colcon_core/task/python/colcon_distutils_commands:/home/pi/fp_ws/install/fp_pkg/lib/python3.10/site-packages:${PYTHONPATH} /usr/bin/python3 -W ignore:setup.py install is deprecated -W ignore:easy_install command is deprecated setup.py egg_info --egg-base ../../build/fp_pkg build --build-base /home/pi/fp_ws/build/fp_pkg/build install --record /home/pi/fp_ws/build/fp_pkg/install.log --single-version-externally-managed install_data
[8.702s] DEBUG:colcon.colcon_core.event_handler.log_command:Invoked command in '/home/pi/fp_ws/src/fp_pkg' returned '0': PYTHONPATH=/home/pi/fp_ws/build/fp_pkg/prefix_override:/usr/lib/python3/dist-packages/colcon_core/task/python/colcon_distutils_commands:/home/pi/fp_ws/install/fp_pkg/lib/python3.10/site-packages:${PYTHONPATH} /usr/bin/python3 -W ignore:setup.py install is deprecated -W ignore:easy_install command is deprecated setup.py egg_info --egg-base ../../build/fp_pkg build --build-base /home/pi/fp_ws/build/fp_pkg/build install --record /home/pi/fp_ws/build/fp_pkg/install.log --single-version-externally-managed install_data
[8.733s] Level 1:colcon.colcon_core.environment:checking '/home/pi/fp_ws/install/fp_pkg' for CMake module files
[8.736s] Level 1:colcon.colcon_core.environment:checking '/home/pi/fp_ws/install/fp_pkg' for CMake config files
[8.740s] Level 1:colcon.colcon_core.environment:checking '/home/pi/fp_ws/install/fp_pkg/lib'
[8.741s] Level 1:colcon.colcon_core.environment:checking '/home/pi/fp_ws/install/fp_pkg/bin'
[8.742s] Level 1:colcon.colcon_core.environment:checking '/home/pi/fp_ws/install/fp_pkg/lib/pkgconfig/fp_pkg.pc'
[8.743s] Level 1:colcon.colcon_core.environment:checking '/home/pi/fp_ws/install/fp_pkg/lib/python3.10/site-packages'
[8.743s] Level 1:colcon.colcon_core.shell:create_environment_hook('fp_pkg', 'pythonpath')
[8.744s] INFO:colcon.colcon_core.shell:Creating environment hook '/home/pi/fp_ws/install/fp_pkg/share/fp_pkg/hook/pythonpath.ps1'
[8.747s] INFO:colcon.colcon_core.shell:Creating environment descriptor '/home/pi/fp_ws/install/fp_pkg/share/fp_pkg/hook/pythonpath.dsv'
[8.751s] INFO:colcon.colcon_core.shell:Creating environment hook '/home/pi/fp_ws/install/fp_pkg/share/fp_pkg/hook/pythonpath.sh'
[8.754s] Level 1:colcon.colcon_core.environment:checking '/home/pi/fp_ws/install/fp_pkg/bin'
[8.754s] Level 1:colcon.colcon_core.environment:create_environment_scripts_only(fp_pkg)
[8.755s] INFO:colcon.colcon_core.shell:Creating package script '/home/pi/fp_ws/install/fp_pkg/share/fp_pkg/package.ps1'
[8.760s] INFO:colcon.colcon_core.shell:Creating package descriptor '/home/pi/fp_ws/install/fp_pkg/share/fp_pkg/package.dsv'
[8.767s] INFO:colcon.colcon_core.shell:Creating package script '/home/pi/fp_ws/install/fp_pkg/share/fp_pkg/package.sh'
[8.774s] INFO:colcon.colcon_core.shell:Creating package script '/home/pi/fp_ws/install/fp_pkg/share/fp_pkg/package.bash'
[8.785s] INFO:colcon.colcon_core.shell:Creating package script '/home/pi/fp_ws/install/fp_pkg/share/fp_pkg/package.zsh'
[8.793s] Level 1:colcon.colcon_core.environment:create_file_with_runtime_dependencies(/home/pi/fp_ws/install/fp_pkg/share/colcon-core/packages/fp_pkg)
[8.794s] DEBUG:colcon.colcon_parallel_executor.executor.parallel:closing loop
[8.797s] DEBUG:colcon.colcon_parallel_executor.executor.parallel:loop closed
[8.797s] DEBUG:colcon.colcon_parallel_executor.executor.parallel:run_until_complete finished with '0'
[8.798s] DEBUG:colcon.colcon_core.event_reactor:joining thread
[8.829s] INFO:colcon.colcon_core.plugin_system:Skipping extension 'colcon_notification.desktop_notification.notify_send': Could not find 'notify-send'
[8.830s] INFO:colcon.colcon_core.plugin_system:Skipping extension 'colcon_notification.desktop_notification.terminal_notifier': Not used on non-Darwin systems
[8.830s] INFO:colcon.colcon_core.plugin_system:Skipping extension 'colcon_notification.desktop_notification.win32': Not used on non-Windows systems
[8.830s] INFO:colcon.colcon_notification.desktop_notification:Sending desktop notification using 'notify2'
[8.958s] DEBUG:colcon.colcon_notification.desktop_notification.notify2:Failed to initialize notify2: org.freedesktop.DBus.Error.ServiceUnknown: The name org.freedesktop.Notifications was not provided by any .service files
[8.959s] DEBUG:colcon.colcon_core.event_reactor:joined thread
[8.960s] INFO:colcon.colcon_core.shell:Creating prefix script '/home/pi/fp_ws/install/local_setup.ps1'
[8.965s] INFO:colcon.colcon_core.shell:Creating prefix util module '/home/pi/fp_ws/install/_local_setup_util_ps1.py'
[8.977s] INFO:colcon.colcon_core.shell:Creating prefix chain script '/home/pi/fp_ws/install/setup.ps1'
[8.989s] INFO:colcon.colcon_core.shell:Creating prefix script '/home/pi/fp_ws/install/local_setup.sh'
[8.995s] INFO:colcon.colcon_core.shell:Creating prefix util module '/home/pi/fp_ws/install/_local_setup_util_sh.py'
[8.999s] INFO:colcon.colcon_core.shell:Creating prefix chain script '/home/pi/fp_ws/install/setup.sh'
[9.008s] INFO:colcon.colcon_core.shell:Creating prefix script '/home/pi/fp_ws/install/local_setup.bash'
[9.016s] INFO:colcon.colcon_core.shell:Creating prefix chain script '/home/pi/fp_ws/install/setup.bash'
[9.025s] INFO:colcon.colcon_core.shell:Creating prefix script '/home/pi/fp_ws/install/local_setup.zsh'
[9.031s] INFO:colcon.colcon_core.shell:Creating prefix chain script '/home/pi/fp_ws/install/setup.zsh'
