[3.561s] Invoking command in '/home/pi/fp_ws/build/fp_pkg': PYTHONPATH=/home/pi/fp_ws/build/fp_pkg/prefix_override:/usr/lib/python3/dist-packages/colcon_core/task/python/colcon_distutils_commands:/home/pi/fp_ws/install/fp_pkg/lib/python3.10/site-packages:${PYTHONPATH} /usr/bin/python3 -W ignore:setup.py install is deprecated -W ignore:easy_install command is deprecated setup.py develop --uninstall --editable --build-directory /home/pi/fp_ws/build/fp_pkg/build
[4.762s] running develop
[5.562s] Removing /home/pi/fp_ws/install/fp_pkg/lib/python3.10/site-packages/fp-pkg.egg-link (link to .)
[5.692s] Invoked command in '/home/pi/fp_ws/build/fp_pkg' returned '0': PYTHONPATH=/home/pi/fp_ws/build/fp_pkg/prefix_override:/usr/lib/python3/dist-packages/colcon_core/task/python/colcon_distutils_commands:/home/pi/fp_ws/install/fp_pkg/lib/python3.10/site-packages:${PYTHONPATH} /usr/bin/python3 -W ignore:setup.py install is deprecated -W ignore:easy_install command is deprecated setup.py develop --uninstall --editable --build-directory /home/pi/fp_ws/build/fp_pkg/build
[5.700s] Invoking command in '/home/pi/fp_ws/src/fp_pkg': PYTHONPATH=/home/pi/fp_ws/build/fp_pkg/prefix_override:/usr/lib/python3/dist-packages/colcon_core/task/python/colcon_distutils_commands:/home/pi/fp_ws/install/fp_pkg/lib/python3.10/site-packages:${PYTHONPATH} /usr/bin/python3 -W ignore:setup.py install is deprecated -W ignore:easy_install command is deprecated setup.py egg_info --egg-base ../../build/fp_pkg build --build-base /home/pi/fp_ws/build/fp_pkg/build install --record /home/pi/fp_ws/build/fp_pkg/install.log --single-version-externally-managed install_data --force
[6.818s] running egg_info
[6.820s] writing ../../build/fp_pkg/fp_pkg.egg-info/PKG-INFO
[6.842s] writing dependency_links to ../../build/fp_pkg/fp_pkg.egg-info/dependency_links.txt
[6.844s] writing entry points to ../../build/fp_pkg/fp_pkg.egg-info/entry_points.txt
[6.846s] writing requirements to ../../build/fp_pkg/fp_pkg.egg-info/requires.txt
[6.847s] writing top-level names to ../../build/fp_pkg/fp_pkg.egg-info/top_level.txt
[6.858s] reading manifest file '../../build/fp_pkg/fp_pkg.egg-info/SOURCES.txt'
[6.873s] writing manifest file '../../build/fp_pkg/fp_pkg.egg-info/SOURCES.txt'
[6.983s] running build
[6.984s] running build_py
[7.020s] copying fp_pkg/sensor_node.py -> /home/pi/fp_ws/build/fp_pkg/build/lib/fp_pkg
[7.021s] copying fp_pkg/carry_node.py -> /home/pi/fp_ws/build/fp_pkg/build/lib/fp_pkg
[7.024s] running install
[7.026s] running install_lib
[7.036s] creating /home/pi/fp_ws/install/fp_pkg/lib/python3.10/site-packages/fp_pkg
[7.036s] copying /home/pi/fp_ws/build/fp_pkg/build/lib/fp_pkg/__init__.py -> /home/pi/fp_ws/install/fp_pkg/lib/python3.10/site-packages/fp_pkg
[7.037s] copying /home/pi/fp_ws/build/fp_pkg/build/lib/fp_pkg/sensor_node.py -> /home/pi/fp_ws/install/fp_pkg/lib/python3.10/site-packages/fp_pkg
[7.038s] copying /home/pi/fp_ws/build/fp_pkg/build/lib/fp_pkg/carry_node.py -> /home/pi/fp_ws/install/fp_pkg/lib/python3.10/site-packages/fp_pkg
[7.041s] byte-compiling /home/pi/fp_ws/install/fp_pkg/lib/python3.10/site-packages/fp_pkg/__init__.py to __init__.cpython-310.pyc
[7.042s] byte-compiling /home/pi/fp_ws/install/fp_pkg/lib/python3.10/site-packages/fp_pkg/sensor_node.py to sensor_node.cpython-310.pyc
[7.047s] byte-compiling /home/pi/fp_ws/install/fp_pkg/lib/python3.10/site-packages/fp_pkg/carry_node.py to carry_node.cpython-310.pyc
[7.053s] running install_data
[7.084s] copying resource/fp_pkg -> /home/pi/fp_ws/install/fp_pkg/share/ament_index/resource_index/packages
[7.096s] copying package.xml -> /home/pi/fp_ws/install/fp_pkg/share/fp_pkg
[7.097s] running install_egg_info
[7.109s] Copying ../../build/fp_pkg/fp_pkg.egg-info to /home/pi/fp_ws/install/fp_pkg/lib/python3.10/site-packages/fp_pkg-0.0.0-py3.10.egg-info
[7.156s] running install_scripts
[7.241s] Installing carry_node script to /home/pi/fp_ws/install/fp_pkg/lib/fp_pkg
[7.249s] Installing sensor_node script to /home/pi/fp_ws/install/fp_pkg/lib/fp_pkg
[7.260s] writing list of installed files to '/home/pi/fp_ws/build/fp_pkg/install.log'
[7.380s] Invoked command in '/home/pi/fp_ws/src/fp_pkg' returned '0': PYTHONPATH=/home/pi/fp_ws/build/fp_pkg/prefix_override:/usr/lib/python3/dist-packages/colcon_core/task/python/colcon_distutils_commands:/home/pi/fp_ws/install/fp_pkg/lib/python3.10/site-packages:${PYTHONPATH} /usr/bin/python3 -W ignore:setup.py install is deprecated -W ignore:easy_install command is deprecated setup.py egg_info --egg-base ../../build/fp_pkg build --build-base /home/pi/fp_ws/build/fp_pkg/build install --record /home/pi/fp_ws/build/fp_pkg/install.log --single-version-externally-managed install_data --force
