[0.977s] DEBUG:colcon:Command line arguments: ['/usr/bin/colcon', 'build', '--symlink-install']
[0.978s] DEBUG:colcon:Parsed command line arguments: Namespace(log_base=None, log_level=None, verb_name='build', build_base='build', install_base='install', merge_install=False, symlink_install=True, test_result_base=None, continue_on_error=False, executor='parallel', parallel_workers=4, event_handlers=None, ignore_user_meta=False, metas=['./colcon.meta'], base_paths=['.'], packages_ignore=None, packages_ignore_regex=None, paths=None, packages_up_to=None, packages_up_to_regex=None, packages_above=None, packages_above_and_dependencies=None, packages_above_depth=None, packages_select_by_dep=None, packages_skip_by_dep=None, packages_skip_up_to=None, packages_select_build_failed=False, packages_skip_build_finished=False, packages_select_test_failures=False, packages_skip_test_passed=False, packages_select=None, packages_skip=None, packages_select_regex=None, packages_skip_regex=None, packages_start=None, packages_end=None, allow_overriding=[], cmake_args=None, cmake_target=None, cmake_target_skip_unavailable=False, cmake_clean_cache=False, cmake_clean_first=False, cmake_force_configure=False, ament_cmake_args=None, catkin_cmake_args=None, catkin_skip_building_tests=False, verb_parser=<colcon_defaults.argument_parser.defaults.DefaultArgumentsDecorator object at 0xffffa5f1e0e0>, verb_extension=<colcon_core.verb.build.BuildVerb object at 0xffffa60af550>, main=<bound method BuildVerb.main of <colcon_core.verb.build.BuildVerb object at 0xffffa60af550>>)
[2.814s] Level 1:colcon.colcon_core.package_discovery:discover_packages(colcon_meta) check parameters
[2.815s] Level 1:colcon.colcon_core.package_discovery:discover_packages(recursive) check parameters
[2.815s] Level 1:colcon.colcon_core.package_discovery:discover_packages(ignore) check parameters
[2.816s] Level 1:colcon.colcon_core.package_discovery:discover_packages(path) check parameters
[2.816s] Level 1:colcon.colcon_core.package_discovery:discover_packages(colcon_meta) discover
[2.817s] Level 1:colcon.colcon_core.package_discovery:discover_packages(recursive) discover
[2.817s] INFO:colcon.colcon_core.package_discovery:Crawling recursively for packages in '/home/pi/fp_ws'
[2.818s] Level 1:colcon.colcon_core.package_identification:_identify(.) by extensions ['ignore', 'ignore_ament_install']
[2.819s] Level 1:colcon.colcon_core.package_identification:_identify(.) by extension 'ignore'
[2.819s] Level 1:colcon.colcon_core.package_identification:_identify(.) by extension 'ignore_ament_install'
[2.820s] Level 1:colcon.colcon_core.package_identification:_identify(.) by extensions ['colcon_pkg']
[2.820s] Level 1:colcon.colcon_core.package_identification:_identify(.) by extension 'colcon_pkg'
[2.820s] Level 1:colcon.colcon_core.package_identification:_identify(.) by extensions ['colcon_meta']
[2.821s] Level 1:colcon.colcon_core.package_identification:_identify(.) by extension 'colcon_meta'
[2.822s] Level 1:colcon.colcon_core.package_identification:_identify(.) by extensions ['ros']
[2.822s] Level 1:colcon.colcon_core.package_identification:_identify(.) by extension 'ros'
[2.910s] Level 1:colcon.colcon_core.package_identification:_identify(.) by extensions ['cmake', 'python']
[2.910s] Level 1:colcon.colcon_core.package_identification:_identify(.) by extension 'cmake'
[2.911s] Level 1:colcon.colcon_core.package_identification:_identify(.) by extension 'python'
[2.911s] Level 1:colcon.colcon_core.package_identification:_identify(.) by extensions ['python_setup_py']
[2.911s] Level 1:colcon.colcon_core.package_identification:_identify(.) by extension 'python_setup_py'
[2.911s] Level 1:colcon.colcon_core.package_identification:_identify(build) by extensions ['ignore', 'ignore_ament_install']
[2.912s] Level 1:colcon.colcon_core.package_identification:_identify(build) by extension 'ignore'
[2.912s] Level 1:colcon.colcon_core.package_identification:_identify(build) ignored
[2.913s] Level 1:colcon.colcon_core.package_identification:_identify(install) by extensions ['ignore', 'ignore_ament_install']
[2.913s] Level 1:colcon.colcon_core.package_identification:_identify(install) by extension 'ignore'
[2.913s] Level 1:colcon.colcon_core.package_identification:_identify(install) ignored
[2.914s] Level 1:colcon.colcon_core.package_identification:_identify(log) by extensions ['ignore', 'ignore_ament_install']
[2.915s] Level 1:colcon.colcon_core.package_identification:_identify(log) by extension 'ignore'
[2.915s] Level 1:colcon.colcon_core.package_identification:_identify(log) ignored
[2.916s] Level 1:colcon.colcon_core.package_identification:_identify(src) by extensions ['ignore', 'ignore_ament_install']
[2.916s] Level 1:colcon.colcon_core.package_identification:_identify(src) by extension 'ignore'
[2.917s] Level 1:colcon.colcon_core.package_identification:_identify(src) by extension 'ignore_ament_install'
[2.917s] Level 1:colcon.colcon_core.package_identification:_identify(src) by extensions ['colcon_pkg']
[2.918s] Level 1:colcon.colcon_core.package_identification:_identify(src) by extension 'colcon_pkg'
[2.918s] Level 1:colcon.colcon_core.package_identification:_identify(src) by extensions ['colcon_meta']
[2.919s] Level 1:colcon.colcon_core.package_identification:_identify(src) by extension 'colcon_meta'
[2.919s] Level 1:colcon.colcon_core.package_identification:_identify(src) by extensions ['ros']
[2.919s] Level 1:colcon.colcon_core.package_identification:_identify(src) by extension 'ros'
[2.920s] Level 1:colcon.colcon_core.package_identification:_identify(src) by extensions ['cmake', 'python']
[2.920s] Level 1:colcon.colcon_core.package_identification:_identify(src) by extension 'cmake'
[2.920s] Level 1:colcon.colcon_core.package_identification:_identify(src) by extension 'python'
[2.920s] Level 1:colcon.colcon_core.package_identification:_identify(src) by extensions ['python_setup_py']
[2.921s] Level 1:colcon.colcon_core.package_identification:_identify(src) by extension 'python_setup_py'
[2.924s] Level 1:colcon.colcon_core.package_identification:_identify(src/build) by extensions ['ignore', 'ignore_ament_install']
[2.925s] Level 1:colcon.colcon_core.package_identification:_identify(src/build) by extension 'ignore'
[2.925s] Level 1:colcon.colcon_core.package_identification:_identify(src/build) ignored
[2.926s] Level 1:colcon.colcon_core.package_identification:_identify(src/fp_pkg) by extensions ['ignore', 'ignore_ament_install']
[2.927s] Level 1:colcon.colcon_core.package_identification:_identify(src/fp_pkg) by extension 'ignore'
[2.927s] Level 1:colcon.colcon_core.package_identification:_identify(src/fp_pkg) by extension 'ignore_ament_install'
[2.928s] Level 1:colcon.colcon_core.package_identification:_identify(src/fp_pkg) by extensions ['colcon_pkg']
[2.928s] Level 1:colcon.colcon_core.package_identification:_identify(src/fp_pkg) by extension 'colcon_pkg'
[2.928s] Level 1:colcon.colcon_core.package_identification:_identify(src/fp_pkg) by extensions ['colcon_meta']
[2.929s] Level 1:colcon.colcon_core.package_identification:_identify(src/fp_pkg) by extension 'colcon_meta'
[2.929s] Level 1:colcon.colcon_core.package_identification:_identify(src/fp_pkg) by extensions ['ros']
[2.929s] Level 1:colcon.colcon_core.package_identification:_identify(src/fp_pkg) by extension 'ros'
[2.944s] DEBUG:colcon.colcon_core.package_identification:Package 'src/fp_pkg' with type 'ros.ament_python' and name 'fp_pkg'
[2.947s] Level 1:colcon.colcon_core.package_identification:_identify(src/install) by extensions ['ignore', 'ignore_ament_install']
[2.947s] Level 1:colcon.colcon_core.package_identification:_identify(src/install) by extension 'ignore'
[2.948s] Level 1:colcon.colcon_core.package_identification:_identify(src/install) ignored
[2.952s] Level 1:colcon.colcon_core.package_identification:_identify(src/log) by extensions ['ignore', 'ignore_ament_install']
[2.953s] Level 1:colcon.colcon_core.package_identification:_identify(src/log) by extension 'ignore'
[2.954s] Level 1:colcon.colcon_core.package_identification:_identify(src/log) ignored
[2.955s] Level 1:colcon.colcon_core.package_discovery:discover_packages(recursive) using defaults
[2.955s] Level 1:colcon.colcon_core.package_discovery:discover_packages(ignore) discover
[2.956s] Level 1:colcon.colcon_core.package_discovery:discover_packages(ignore) using defaults
[2.956s] Level 1:colcon.colcon_core.package_discovery:discover_packages(path) discover
[2.956s] Level 1:colcon.colcon_core.package_discovery:discover_packages(path) using defaults
[3.186s] Level 1:colcon.colcon_core.package_discovery:discover_packages(prefix_path) check parameters
[3.187s] Level 1:colcon.colcon_core.package_discovery:discover_packages(prefix_path) discover
[3.215s] DEBUG:colcon.colcon_installed_package_information.package_discovery:Found 5 installed packages in /home/pi/ros2_ws/install
[3.221s] DEBUG:colcon.colcon_installed_package_information.package_discovery:Found 8 installed packages in /home/pi/turtlebot3_ws/install
[3.234s] DEBUG:colcon.colcon_installed_package_information.package_discovery:Found 333 installed packages in /opt/ros/humble
[3.242s] Level 1:colcon.colcon_core.package_discovery:discover_packages(prefix_path) using defaults
[3.579s] Level 5:colcon.colcon_core.verb:set package 'fp_pkg' build argument 'cmake_args' from command line to 'None'
[3.580s] Level 5:colcon.colcon_core.verb:set package 'fp_pkg' build argument 'cmake_target' from command line to 'None'
[3.580s] Level 5:colcon.colcon_core.verb:set package 'fp_pkg' build argument 'cmake_target_skip_unavailable' from command line to 'False'
[3.580s] Level 5:colcon.colcon_core.verb:set package 'fp_pkg' build argument 'cmake_clean_cache' from command line to 'False'
[3.580s] Level 5:colcon.colcon_core.verb:set package 'fp_pkg' build argument 'cmake_clean_first' from command line to 'False'
[3.580s] Level 5:colcon.colcon_core.verb:set package 'fp_pkg' build argument 'cmake_force_configure' from command line to 'False'
[3.580s] Level 5:colcon.colcon_core.verb:set package 'fp_pkg' build argument 'ament_cmake_args' from command line to 'None'
[3.580s] Level 5:colcon.colcon_core.verb:set package 'fp_pkg' build argument 'catkin_cmake_args' from command line to 'None'
[3.581s] Level 5:colcon.colcon_core.verb:set package 'fp_pkg' build argument 'catkin_skip_building_tests' from command line to 'False'
[3.581s] DEBUG:colcon.colcon_core.verb:Building package 'fp_pkg' with the following arguments: {'ament_cmake_args': None, 'build_base': '/home/pi/fp_ws/build/fp_pkg', 'catkin_cmake_args': None, 'catkin_skip_building_tests': False, 'cmake_args': None, 'cmake_clean_cache': False, 'cmake_clean_first': False, 'cmake_force_configure': False, 'cmake_target': None, 'cmake_target_skip_unavailable': False, 'install_base': '/home/pi/fp_ws/install/fp_pkg', 'merge_install': False, 'path': '/home/pi/fp_ws/src/fp_pkg', 'symlink_install': True, 'test_result_base': None}
[3.582s] INFO:colcon.colcon_core.executor:Executing jobs using 'parallel' executor
[3.590s] DEBUG:colcon.colcon_parallel_executor.executor.parallel:run_until_complete
[3.591s] INFO:colcon.colcon_ros.task.ament_python.build:Building ROS package in '/home/pi/fp_ws/src/fp_pkg' with build type 'ament_python'
[3.592s] Level 1:colcon.colcon_core.shell:create_environment_hook('fp_pkg', 'ament_prefix_path')
[3.619s] INFO:colcon.colcon_core.plugin_system:Skipping extension 'colcon_core.shell.bat': Not used on non-Windows systems
[3.621s] INFO:colcon.colcon_core.shell:Creating environment hook '/home/pi/fp_ws/install/fp_pkg/share/fp_pkg/hook/ament_prefix_path.ps1'
[3.628s] INFO:colcon.colcon_core.shell:Creating environment descriptor '/home/pi/fp_ws/install/fp_pkg/share/fp_pkg/hook/ament_prefix_path.dsv'
[3.636s] INFO:colcon.colcon_core.shell:Creating environment hook '/home/pi/fp_ws/install/fp_pkg/share/fp_pkg/hook/ament_prefix_path.sh'
[3.643s] INFO:colcon.colcon_core.shell:Skip shell extension 'powershell' for command environment: Not usable outside of PowerShell
[3.643s] DEBUG:colcon.colcon_core.shell:Skip shell extension 'dsv' for command environment
[5.479s] INFO:colcon.colcon_core.task.python.build:Building Python package in '/home/pi/fp_ws/src/fp_pkg'
[5.481s] INFO:colcon.colcon_core.shell:Skip shell extension 'powershell' for command environment: Not usable outside of PowerShell
[5.481s] DEBUG:colcon.colcon_core.shell:Skip shell extension 'dsv' for command environment
[8.689s] DEBUG:colcon.colcon_core.task.python.build:While undoing a previous installation files outside the Python library path are being ignored: /home/pi/fp_ws/install/fp_pkg/share/ament_index/resource_index/packages/fp_pkg
[8.690s] DEBUG:colcon.colcon_core.task.python.build:While undoing a previous installation files outside the Python library path are being ignored: /home/pi/fp_ws/install/fp_pkg/share/fp_pkg/package.xml
[8.692s] DEBUG:colcon.colcon_core.task.python.build:While undoing a previous installation files outside the Python library path are being ignored: /home/pi/fp_ws/install/fp_pkg/lib/fp_pkg/carry_node
[8.693s] DEBUG:colcon.colcon_core.task.python.build:While undoing a previous installation files outside the Python library path are being ignored: /home/pi/fp_ws/install/fp_pkg/lib/fp_pkg/sensor_node
[8.701s] DEBUG:colcon.colcon_core.event_handler.log_command:Invoking command in '/home/pi/fp_ws/build/fp_pkg': PYTHONPATH=/home/pi/fp_ws/build/fp_pkg/prefix_override:/usr/lib/python3/dist-packages/colcon_core/task/python/colcon_distutils_commands:/home/pi/fp_ws/install/fp_pkg/lib/python3.10/site-packages:${PYTHONPATH} /usr/bin/python3 -W ignore:setup.py install is deprecated -W ignore:easy_install command is deprecated setup.py develop --editable --build-directory /home/pi/fp_ws/build/fp_pkg/build --no-deps symlink_data --force
[11.930s] Level 1:colcon.colcon_core.shell:create_environment_hook('fp_pkg', 'pythonpath_develop')
[11.933s] INFO:colcon.colcon_core.shell:Creating environment hook '/home/pi/fp_ws/build/fp_pkg/share/fp_pkg/hook/pythonpath_develop.ps1'
[11.934s] DEBUG:colcon.colcon_core.event_handler.log_command:Invoked command in '/home/pi/fp_ws/build/fp_pkg' returned '0': PYTHONPATH=/home/pi/fp_ws/build/fp_pkg/prefix_override:/usr/lib/python3/dist-packages/colcon_core/task/python/colcon_distutils_commands:/home/pi/fp_ws/install/fp_pkg/lib/python3.10/site-packages:${PYTHONPATH} /usr/bin/python3 -W ignore:setup.py install is deprecated -W ignore:easy_install command is deprecated setup.py develop --editable --build-directory /home/pi/fp_ws/build/fp_pkg/build --no-deps symlink_data --force
[11.940s] INFO:colcon.colcon_core.shell:Creating environment descriptor '/home/pi/fp_ws/build/fp_pkg/share/fp_pkg/hook/pythonpath_develop.dsv'
[11.942s] INFO:colcon.colcon_core.shell:Creating environment hook '/home/pi/fp_ws/build/fp_pkg/share/fp_pkg/hook/pythonpath_develop.sh'
[11.979s] Level 1:colcon.colcon_core.environment:checking '/home/pi/fp_ws/install/fp_pkg' for CMake module files
[11.983s] Level 1:colcon.colcon_core.environment:checking '/home/pi/fp_ws/install/fp_pkg' for CMake config files
[11.989s] Level 1:colcon.colcon_core.environment:checking '/home/pi/fp_ws/install/fp_pkg/lib'
[11.991s] Level 1:colcon.colcon_core.environment:checking '/home/pi/fp_ws/install/fp_pkg/bin'
[11.991s] Level 1:colcon.colcon_core.environment:checking '/home/pi/fp_ws/install/fp_pkg/lib/pkgconfig/fp_pkg.pc'
[11.993s] Level 1:colcon.colcon_core.environment:checking '/home/pi/fp_ws/install/fp_pkg/lib/python3.10/site-packages'
[11.994s] Level 1:colcon.colcon_core.shell:create_environment_hook('fp_pkg', 'pythonpath')
[11.995s] INFO:colcon.colcon_core.shell:Creating environment hook '/home/pi/fp_ws/install/fp_pkg/share/fp_pkg/hook/pythonpath.ps1'
[11.999s] INFO:colcon.colcon_core.shell:Creating environment descriptor '/home/pi/fp_ws/install/fp_pkg/share/fp_pkg/hook/pythonpath.dsv'
[12.001s] INFO:colcon.colcon_core.shell:Creating environment hook '/home/pi/fp_ws/install/fp_pkg/share/fp_pkg/hook/pythonpath.sh'
[12.004s] Level 1:colcon.colcon_core.environment:checking '/home/pi/fp_ws/install/fp_pkg/bin'
[12.004s] Level 1:colcon.colcon_core.environment:create_environment_scripts_only(fp_pkg)
[12.006s] INFO:colcon.colcon_core.shell:Creating package script '/home/pi/fp_ws/install/fp_pkg/share/fp_pkg/package.ps1'
[12.011s] INFO:colcon.colcon_core.shell:Creating package descriptor '/home/pi/fp_ws/install/fp_pkg/share/fp_pkg/package.dsv'
[12.018s] INFO:colcon.colcon_core.shell:Creating package script '/home/pi/fp_ws/install/fp_pkg/share/fp_pkg/package.sh'
[12.026s] INFO:colcon.colcon_core.shell:Creating package script '/home/pi/fp_ws/install/fp_pkg/share/fp_pkg/package.bash'
[12.034s] INFO:colcon.colcon_core.shell:Creating package script '/home/pi/fp_ws/install/fp_pkg/share/fp_pkg/package.zsh'
[12.042s] Level 1:colcon.colcon_core.environment:create_file_with_runtime_dependencies(/home/pi/fp_ws/install/fp_pkg/share/colcon-core/packages/fp_pkg)
[12.044s] DEBUG:colcon.colcon_parallel_executor.executor.parallel:closing loop
[12.045s] DEBUG:colcon.colcon_parallel_executor.executor.parallel:loop closed
[12.046s] DEBUG:colcon.colcon_parallel_executor.executor.parallel:run_until_complete finished with '0'
[12.046s] DEBUG:colcon.colcon_core.event_reactor:joining thread
[12.081s] INFO:colcon.colcon_core.plugin_system:Skipping extension 'colcon_notification.desktop_notification.notify_send': Could not find 'notify-send'
[12.082s] INFO:colcon.colcon_core.plugin_system:Skipping extension 'colcon_notification.desktop_notification.terminal_notifier': Not used on non-Darwin systems
[12.082s] INFO:colcon.colcon_core.plugin_system:Skipping extension 'colcon_notification.desktop_notification.win32': Not used on non-Windows systems
[12.082s] INFO:colcon.colcon_notification.desktop_notification:Sending desktop notification using 'notify2'
[12.153s] DEBUG:colcon.colcon_notification.desktop_notification.notify2:Failed to initialize notify2: org.freedesktop.DBus.Error.ServiceUnknown: The name org.freedesktop.Notifications was not provided by any .service files
[12.154s] DEBUG:colcon.colcon_core.event_reactor:joined thread
[12.156s] INFO:colcon.colcon_core.shell:Creating prefix script '/home/pi/fp_ws/install/local_setup.ps1'
[12.164s] INFO:colcon.colcon_core.shell:Creating prefix util module '/home/pi/fp_ws/install/_local_setup_util_ps1.py'
[12.174s] INFO:colcon.colcon_core.shell:Creating prefix chain script '/home/pi/fp_ws/install/setup.ps1'
[12.191s] INFO:colcon.colcon_core.shell:Creating prefix script '/home/pi/fp_ws/install/local_setup.sh'
[12.197s] INFO:colcon.colcon_core.shell:Creating prefix util module '/home/pi/fp_ws/install/_local_setup_util_sh.py'
[12.201s] INFO:colcon.colcon_core.shell:Creating prefix chain script '/home/pi/fp_ws/install/setup.sh'
[12.211s] INFO:colcon.colcon_core.shell:Creating prefix script '/home/pi/fp_ws/install/local_setup.bash'
[12.218s] INFO:colcon.colcon_core.shell:Creating prefix chain script '/home/pi/fp_ws/install/setup.bash'
[12.234s] INFO:colcon.colcon_core.shell:Creating prefix script '/home/pi/fp_ws/install/local_setup.zsh'
[12.240s] INFO:colcon.colcon_core.shell:Creating prefix chain script '/home/pi/fp_ws/install/setup.zsh'
