[4.717s] Invoking command in '/home/pi/fp_ws/src/fp_pkg': PYTHONPATH=/home/pi/fp_ws/build/fp_pkg/prefix_override:/usr/lib/python3/dist-packages/colcon_core/task/python/colcon_distutils_commands:/home/pi/fp_ws/install/fp_pkg/lib/python3.10/site-packages:${PYTHONPATH} /usr/bin/python3 -W ignore:setup.py install is deprecated -W ignore:easy_install command is deprecated setup.py egg_info --egg-base ../../build/fp_pkg build --build-base /home/pi/fp_ws/build/fp_pkg/build install --record /home/pi/fp_ws/build/fp_pkg/install.log --single-version-externally-managed install_data
[6.232s] running egg_info
[6.234s] writing ../../build/fp_pkg/fp_pkg.egg-info/PKG-INFO
[6.236s] writing dependency_links to ../../build/fp_pkg/fp_pkg.egg-info/dependency_links.txt
[6.237s] writing entry points to ../../build/fp_pkg/fp_pkg.egg-info/entry_points.txt
[6.238s] writing requirements to ../../build/fp_pkg/fp_pkg.egg-info/requires.txt
[6.239s] writing top-level names to ../../build/fp_pkg/fp_pkg.egg-info/top_level.txt
[6.247s] reading manifest file '../../build/fp_pkg/fp_pkg.egg-info/SOURCES.txt'
[6.252s] writing manifest file '../../build/fp_pkg/fp_pkg.egg-info/SOURCES.txt'
[6.253s] running build
[6.253s] running build_py
[6.254s] copying fp_pkg/carry_node.py -> /home/pi/fp_ws/build/fp_pkg/build/lib/fp_pkg
[6.258s] running install
[6.258s] running install_lib
[6.273s] copying /home/pi/fp_ws/build/fp_pkg/build/lib/fp_pkg/carry_node.py -> /home/pi/fp_ws/install/fp_pkg/lib/python3.10/site-packages/fp_pkg
[6.278s] byte-compiling /home/pi/fp_ws/install/fp_pkg/lib/python3.10/site-packages/fp_pkg/carry_node.py to carry_node.cpython-310.pyc
[6.296s] running install_data
[6.298s] running install_egg_info
[6.304s] removing '/home/pi/fp_ws/install/fp_pkg/lib/python3.10/site-packages/fp_pkg-0.0.0-py3.10.egg-info' (and everything under it)
[6.308s] Copying ../../build/fp_pkg/fp_pkg.egg-info to /home/pi/fp_ws/install/fp_pkg/lib/python3.10/site-packages/fp_pkg-0.0.0-py3.10.egg-info
[6.316s] running install_scripts
[6.413s] Installing carry_node script to /home/pi/fp_ws/install/fp_pkg/lib/fp_pkg
[6.415s] Installing sensor_node script to /home/pi/fp_ws/install/fp_pkg/lib/fp_pkg
[6.416s] writing list of installed files to '/home/pi/fp_ws/build/fp_pkg/install.log'
[6.579s] Invoked command in '/home/pi/fp_ws/src/fp_pkg' returned '0': PYTHONPATH=/home/pi/fp_ws/build/fp_pkg/prefix_override:/usr/lib/python3/dist-packages/colcon_core/task/python/colcon_distutils_commands:/home/pi/fp_ws/install/fp_pkg/lib/python3.10/site-packages:${PYTHONPATH} /usr/bin/python3 -W ignore:setup.py install is deprecated -W ignore:easy_install command is deprecated setup.py egg_info --egg-base ../../build/fp_pkg build --build-base /home/pi/fp_ws/build/fp_pkg/build install --record /home/pi/fp_ws/build/fp_pkg/install.log --single-version-externally-managed install_data
