[3.707s] Invoking command in '/home/pi/fp_ws/build/fp_pkg': PYTHONPATH=/home/pi/fp_ws/build/fp_pkg/prefix_override:/usr/lib/python3/dist-packages/colcon_core/task/python/colcon_distutils_commands:/home/pi/fp_ws/install/fp_pkg/lib/python3.10/site-packages:${PYTHONPATH} /usr/bin/python3 -W ignore:setup.py install is deprecated -W ignore:easy_install command is deprecated setup.py develop --uninstall --editable --build-directory /home/pi/fp_ws/build/fp_pkg/build
[4.960s] running develop
[5.780s] Removing /home/pi/fp_ws/install/fp_pkg/lib/python3.10/site-packages/fp-pkg.egg-link (link to .)
[5.912s] Invoked command in '/home/pi/fp_ws/build/fp_pkg' returned '0': PYTHONPATH=/home/pi/fp_ws/build/fp_pkg/prefix_override:/usr/lib/python3/dist-packages/colcon_core/task/python/colcon_distutils_commands:/home/pi/fp_ws/install/fp_pkg/lib/python3.10/site-packages:${PYTHONPATH} /usr/bin/python3 -W ignore:setup.py install is deprecated -W ignore:easy_install command is deprecated setup.py develop --uninstall --editable --build-directory /home/pi/fp_ws/build/fp_pkg/build
[5.921s] Invoking command in '/home/pi/fp_ws/src/fp_pkg': PYTHONPATH=/home/pi/fp_ws/build/fp_pkg/prefix_override:/usr/lib/python3/dist-packages/colcon_core/task/python/colcon_distutils_commands:/home/pi/fp_ws/install/fp_pkg/lib/python3.10/site-packages:${PYTHONPATH} /usr/bin/python3 -W ignore:setup.py install is deprecated -W ignore:easy_install command is deprecated setup.py egg_info --egg-base ../../build/fp_pkg build --build-base /home/pi/fp_ws/build/fp_pkg/build install --record /home/pi/fp_ws/build/fp_pkg/install.log --single-version-externally-managed install_data --force
[7.080s] running egg_info
[7.083s] writing ../../build/fp_pkg/fp_pkg.egg-info/PKG-INFO
[7.084s] writing dependency_links to ../../build/fp_pkg/fp_pkg.egg-info/dependency_links.txt
[7.085s] writing entry points to ../../build/fp_pkg/fp_pkg.egg-info/entry_points.txt
[7.085s] writing requirements to ../../build/fp_pkg/fp_pkg.egg-info/requires.txt
[7.086s] writing top-level names to ../../build/fp_pkg/fp_pkg.egg-info/top_level.txt
[7.094s] reading manifest file '../../build/fp_pkg/fp_pkg.egg-info/SOURCES.txt'
[7.140s] writing manifest file '../../build/fp_pkg/fp_pkg.egg-info/SOURCES.txt'
[7.141s] running build
[7.142s] running build_py
[7.146s] copying fp_pkg/carry_node.py -> /home/pi/fp_ws/build/fp_pkg/build/lib/fp_pkg
[7.147s] running install
[7.149s] running install_lib
[7.157s] creating /home/pi/fp_ws/install/fp_pkg/lib/python3.10/site-packages/fp_pkg
[7.157s] copying /home/pi/fp_ws/build/fp_pkg/build/lib/fp_pkg/__init__.py -> /home/pi/fp_ws/install/fp_pkg/lib/python3.10/site-packages/fp_pkg
[7.158s] copying /home/pi/fp_ws/build/fp_pkg/build/lib/fp_pkg/sensor_node.py -> /home/pi/fp_ws/install/fp_pkg/lib/python3.10/site-packages/fp_pkg
[7.160s] copying /home/pi/fp_ws/build/fp_pkg/build/lib/fp_pkg/carry_node.py -> /home/pi/fp_ws/install/fp_pkg/lib/python3.10/site-packages/fp_pkg
[7.164s] byte-compiling /home/pi/fp_ws/install/fp_pkg/lib/python3.10/site-packages/fp_pkg/__init__.py to __init__.cpython-310.pyc
[7.165s] byte-compiling /home/pi/fp_ws/install/fp_pkg/lib/python3.10/site-packages/fp_pkg/sensor_node.py to sensor_node.cpython-310.pyc
[7.170s] byte-compiling /home/pi/fp_ws/install/fp_pkg/lib/python3.10/site-packages/fp_pkg/carry_node.py to carry_node.cpython-310.pyc
[7.177s] running install_data
[7.178s] copying resource/fp_pkg -> /home/pi/fp_ws/install/fp_pkg/share/ament_index/resource_index/packages
[7.180s] copying package.xml -> /home/pi/fp_ws/install/fp_pkg/share/fp_pkg
[7.180s] running install_egg_info
[7.188s] Copying ../../build/fp_pkg/fp_pkg.egg-info to /home/pi/fp_ws/install/fp_pkg/lib/python3.10/site-packages/fp_pkg-0.0.0-py3.10.egg-info
[7.195s] running install_scripts
[7.275s] Installing carry_node script to /home/pi/fp_ws/install/fp_pkg/lib/fp_pkg
[7.276s] Installing sensor_node script to /home/pi/fp_ws/install/fp_pkg/lib/fp_pkg
[7.278s] writing list of installed files to '/home/pi/fp_ws/build/fp_pkg/install.log'
[7.395s] Invoked command in '/home/pi/fp_ws/src/fp_pkg' returned '0': PYTHONPATH=/home/pi/fp_ws/build/fp_pkg/prefix_override:/usr/lib/python3/dist-packages/colcon_core/task/python/colcon_distutils_commands:/home/pi/fp_ws/install/fp_pkg/lib/python3.10/site-packages:${PYTHONPATH} /usr/bin/python3 -W ignore:setup.py install is deprecated -W ignore:easy_install command is deprecated setup.py egg_info --egg-base ../../build/fp_pkg build --build-base /home/pi/fp_ws/build/fp_pkg/build install --record /home/pi/fp_ws/build/fp_pkg/install.log --single-version-externally-managed install_data --force
