[1.225s] DEBUG:colcon:Command line arguments: ['/usr/bin/colcon', 'build', '--symlink-install', '--packages-select', 'fp_pkg']
[1.226s] DEBUG:colcon:Parsed command line arguments: Namespace(log_base=None, log_level=None, verb_name='build', build_base='build', install_base='install', merge_install=False, symlink_install=True, test_result_base=None, continue_on_error=False, executor='parallel', parallel_workers=4, event_handlers=None, ignore_user_meta=False, metas=['./colcon.meta'], base_paths=['.'], packages_ignore=None, packages_ignore_regex=None, paths=None, packages_up_to=None, packages_up_to_regex=None, packages_above=None, packages_above_and_dependencies=None, packages_above_depth=None, packages_select_by_dep=None, packages_skip_by_dep=None, packages_skip_up_to=None, packages_select_build_failed=False, packages_skip_build_finished=False, packages_select_test_failures=False, packages_skip_test_passed=False, packages_select=['fp_pkg'], packages_skip=None, packages_select_regex=None, packages_skip_regex=None, packages_start=None, packages_end=None, allow_overriding=[], cmake_args=None, cmake_target=None, cmake_target_skip_unavailable=False, cmake_clean_cache=False, cmake_clean_first=False, cmake_force_configure=False, ament_cmake_args=None, catkin_cmake_args=None, catkin_skip_building_tests=False, verb_parser=<colcon_defaults.argument_parser.defaults.DefaultArgumentsDecorator object at 0xffffabab5060>, verb_extension=<colcon_core.verb.build.BuildVerb object at 0xffffabc524d0>, main=<bound method BuildVerb.main of <colcon_core.verb.build.BuildVerb object at 0xffffabc524d0>>)
[2.575s] Level 1:colcon.colcon_core.package_discovery:discover_packages(colcon_meta) check parameters
[2.576s] Level 1:colcon.colcon_core.package_discovery:discover_packages(recursive) check parameters
[2.576s] Level 1:colcon.colcon_core.package_discovery:discover_packages(ignore) check parameters
[2.576s] Level 1:colcon.colcon_core.package_discovery:discover_packages(path) check parameters
[2.576s] Level 1:colcon.colcon_core.package_discovery:discover_packages(colcon_meta) discover
[2.576s] Level 1:colcon.colcon_core.package_discovery:discover_packages(recursive) discover
[2.577s] INFO:colcon.colcon_core.package_discovery:Crawling recursively for packages in '/home/pi/fp_ws'
[2.577s] Level 1:colcon.colcon_core.package_identification:_identify(.) by extensions ['ignore', 'ignore_ament_install']
[2.577s] Level 1:colcon.colcon_core.package_identification:_identify(.) by extension 'ignore'
[2.578s] Level 1:colcon.colcon_core.package_identification:_identify(.) by extension 'ignore_ament_install'
[2.578s] Level 1:colcon.colcon_core.package_identification:_identify(.) by extensions ['colcon_pkg']
[2.578s] Level 1:colcon.colcon_core.package_identification:_identify(.) by extension 'colcon_pkg'
[2.578s] Level 1:colcon.colcon_core.package_identification:_identify(.) by extensions ['colcon_meta']
[2.579s] Level 1:colcon.colcon_core.package_identification:_identify(.) by extension 'colcon_meta'
[2.579s] Level 1:colcon.colcon_core.package_identification:_identify(.) by extensions ['ros']
[2.579s] Level 1:colcon.colcon_core.package_identification:_identify(.) by extension 'ros'
[2.664s] Level 1:colcon.colcon_core.package_identification:_identify(.) by extensions ['cmake', 'python']
[2.664s] Level 1:colcon.colcon_core.package_identification:_identify(.) by extension 'cmake'
[2.665s] Level 1:colcon.colcon_core.package_identification:_identify(.) by extension 'python'
[2.665s] Level 1:colcon.colcon_core.package_identification:_identify(.) by extensions ['python_setup_py']
[2.665s] Level 1:colcon.colcon_core.package_identification:_identify(.) by extension 'python_setup_py'
[2.665s] Level 1:colcon.colcon_core.package_identification:_identify(build) by extensions ['ignore', 'ignore_ament_install']
[2.666s] Level 1:colcon.colcon_core.package_identification:_identify(build) by extension 'ignore'
[2.666s] Level 1:colcon.colcon_core.package_identification:_identify(build) ignored
[2.667s] Level 1:colcon.colcon_core.package_identification:_identify(install) by extensions ['ignore', 'ignore_ament_install']
[2.667s] Level 1:colcon.colcon_core.package_identification:_identify(install) by extension 'ignore'
[2.667s] Level 1:colcon.colcon_core.package_identification:_identify(install) ignored
[2.668s] Level 1:colcon.colcon_core.package_identification:_identify(log) by extensions ['ignore', 'ignore_ament_install']
[2.668s] Level 1:colcon.colcon_core.package_identification:_identify(log) by extension 'ignore'
[2.668s] Level 1:colcon.colcon_core.package_identification:_identify(log) ignored
[2.668s] Level 1:colcon.colcon_core.package_identification:_identify(src) by extensions ['ignore', 'ignore_ament_install']
[2.669s] Level 1:colcon.colcon_core.package_identification:_identify(src) by extension 'ignore'
[2.669s] Level 1:colcon.colcon_core.package_identification:_identify(src) by extension 'ignore_ament_install'
[2.669s] Level 1:colcon.colcon_core.package_identification:_identify(src) by extensions ['colcon_pkg']
[2.669s] Level 1:colcon.colcon_core.package_identification:_identify(src) by extension 'colcon_pkg'
[2.669s] Level 1:colcon.colcon_core.package_identification:_identify(src) by extensions ['colcon_meta']
[2.669s] Level 1:colcon.colcon_core.package_identification:_identify(src) by extension 'colcon_meta'
[2.670s] Level 1:colcon.colcon_core.package_identification:_identify(src) by extensions ['ros']
[2.670s] Level 1:colcon.colcon_core.package_identification:_identify(src) by extension 'ros'
[2.670s] Level 1:colcon.colcon_core.package_identification:_identify(src) by extensions ['cmake', 'python']
[2.670s] Level 1:colcon.colcon_core.package_identification:_identify(src) by extension 'cmake'
[2.670s] Level 1:colcon.colcon_core.package_identification:_identify(src) by extension 'python'
[2.671s] Level 1:colcon.colcon_core.package_identification:_identify(src) by extensions ['python_setup_py']
[2.671s] Level 1:colcon.colcon_core.package_identification:_identify(src) by extension 'python_setup_py'
[2.671s] Level 1:colcon.colcon_core.package_identification:_identify(src/fp_pkg) by extensions ['ignore', 'ignore_ament_install']
[2.671s] Level 1:colcon.colcon_core.package_identification:_identify(src/fp_pkg) by extension 'ignore'
[2.672s] Level 1:colcon.colcon_core.package_identification:_identify(src/fp_pkg) by extension 'ignore_ament_install'
[2.672s] Level 1:colcon.colcon_core.package_identification:_identify(src/fp_pkg) by extensions ['colcon_pkg']
[2.672s] Level 1:colcon.colcon_core.package_identification:_identify(src/fp_pkg) by extension 'colcon_pkg'
[2.672s] Level 1:colcon.colcon_core.package_identification:_identify(src/fp_pkg) by extensions ['colcon_meta']
[2.672s] Level 1:colcon.colcon_core.package_identification:_identify(src/fp_pkg) by extension 'colcon_meta'
[2.672s] Level 1:colcon.colcon_core.package_identification:_identify(src/fp_pkg) by extensions ['ros']
[2.672s] Level 1:colcon.colcon_core.package_identification:_identify(src/fp_pkg) by extension 'ros'
[2.688s] DEBUG:colcon.colcon_core.package_identification:Package 'src/fp_pkg' with type 'ros.ament_python' and name 'fp_pkg'
[2.688s] Level 1:colcon.colcon_core.package_discovery:discover_packages(recursive) using defaults
[2.688s] Level 1:colcon.colcon_core.package_discovery:discover_packages(ignore) discover
[2.689s] Level 1:colcon.colcon_core.package_discovery:discover_packages(ignore) using defaults
[2.689s] Level 1:colcon.colcon_core.package_discovery:discover_packages(path) discover
[2.689s] Level 1:colcon.colcon_core.package_discovery:discover_packages(path) using defaults
[2.859s] Level 1:colcon.colcon_core.package_discovery:discover_packages(prefix_path) check parameters
[2.859s] Level 1:colcon.colcon_core.package_discovery:discover_packages(prefix_path) discover
[2.880s] DEBUG:colcon.colcon_installed_package_information.package_discovery:Found 8 installed packages in /home/pi/turtlebot3_ws/install
[2.893s] DEBUG:colcon.colcon_installed_package_information.package_discovery:Found 333 installed packages in /opt/ros/humble
[2.901s] Level 1:colcon.colcon_core.package_discovery:discover_packages(prefix_path) using defaults
[3.155s] Level 5:colcon.colcon_core.verb:set package 'fp_pkg' build argument 'cmake_args' from command line to 'None'
[3.155s] Level 5:colcon.colcon_core.verb:set package 'fp_pkg' build argument 'cmake_target' from command line to 'None'
[3.155s] Level 5:colcon.colcon_core.verb:set package 'fp_pkg' build argument 'cmake_target_skip_unavailable' from command line to 'False'
[3.155s] Level 5:colcon.colcon_core.verb:set package 'fp_pkg' build argument 'cmake_clean_cache' from command line to 'False'
[3.156s] Level 5:colcon.colcon_core.verb:set package 'fp_pkg' build argument 'cmake_clean_first' from command line to 'False'
[3.156s] Level 5:colcon.colcon_core.verb:set package 'fp_pkg' build argument 'cmake_force_configure' from command line to 'False'
[3.156s] Level 5:colcon.colcon_core.verb:set package 'fp_pkg' build argument 'ament_cmake_args' from command line to 'None'
[3.156s] Level 5:colcon.colcon_core.verb:set package 'fp_pkg' build argument 'catkin_cmake_args' from command line to 'None'
[3.156s] Level 5:colcon.colcon_core.verb:set package 'fp_pkg' build argument 'catkin_skip_building_tests' from command line to 'False'
[3.156s] DEBUG:colcon.colcon_core.verb:Building package 'fp_pkg' with the following arguments: {'ament_cmake_args': None, 'build_base': '/home/pi/fp_ws/build/fp_pkg', 'catkin_cmake_args': None, 'catkin_skip_building_tests': False, 'cmake_args': None, 'cmake_clean_cache': False, 'cmake_clean_first': False, 'cmake_force_configure': False, 'cmake_target': None, 'cmake_target_skip_unavailable': False, 'install_base': '/home/pi/fp_ws/install/fp_pkg', 'merge_install': False, 'path': '/home/pi/fp_ws/src/fp_pkg', 'symlink_install': True, 'test_result_base': None}
[3.157s] INFO:colcon.colcon_core.executor:Executing jobs using 'parallel' executor
[3.160s] DEBUG:colcon.colcon_parallel_executor.executor.parallel:run_until_complete
[3.160s] INFO:colcon.colcon_ros.task.ament_python.build:Building ROS package in '/home/pi/fp_ws/src/fp_pkg' with build type 'ament_python'
[3.161s] Level 1:colcon.colcon_core.shell:create_environment_hook('fp_pkg', 'ament_prefix_path')
[3.184s] INFO:colcon.colcon_core.plugin_system:Skipping extension 'colcon_core.shell.bat': Not used on non-Windows systems
[3.185s] INFO:colcon.colcon_core.shell:Creating environment hook '/home/pi/fp_ws/install/fp_pkg/share/fp_pkg/hook/ament_prefix_path.ps1'
[3.195s] INFO:colcon.colcon_core.shell:Creating environment descriptor '/home/pi/fp_ws/install/fp_pkg/share/fp_pkg/hook/ament_prefix_path.dsv'
[3.201s] INFO:colcon.colcon_core.shell:Creating environment hook '/home/pi/fp_ws/install/fp_pkg/share/fp_pkg/hook/ament_prefix_path.sh'
[3.210s] INFO:colcon.colcon_core.shell:Skip shell extension 'powershell' for command environment: Not usable outside of PowerShell
[3.210s] DEBUG:colcon.colcon_core.shell:Skip shell extension 'dsv' for command environment
[4.445s] INFO:colcon.colcon_core.task.python.build:Building Python package in '/home/pi/fp_ws/src/fp_pkg'
[4.446s] INFO:colcon.colcon_core.shell:Skip shell extension 'powershell' for command environment: Not usable outside of PowerShell
[4.446s] DEBUG:colcon.colcon_core.shell:Skip shell extension 'dsv' for command environment
[6.735s] DEBUG:colcon.colcon_core.task.python.build:While undoing a previous installation files outside the Python library path are being ignored: /home/pi/fp_ws/install/fp_pkg/share/ament_index/resource_index/packages/fp_pkg
[6.735s] DEBUG:colcon.colcon_core.task.python.build:While undoing a previous installation files outside the Python library path are being ignored: /home/pi/fp_ws/install/fp_pkg/share/fp_pkg/package.xml
[6.737s] DEBUG:colcon.colcon_core.task.python.build:While undoing a previous installation files outside the Python library path are being ignored: /home/pi/fp_ws/install/fp_pkg/lib/fp_pkg/carry_node
[6.738s] DEBUG:colcon.colcon_core.task.python.build:While undoing a previous installation files outside the Python library path are being ignored: /home/pi/fp_ws/install/fp_pkg/lib/fp_pkg/sensor_node
[6.746s] DEBUG:colcon.colcon_core.event_handler.log_command:Invoking command in '/home/pi/fp_ws/build/fp_pkg': PYTHONPATH=/home/pi/fp_ws/build/fp_pkg/prefix_override:/usr/lib/python3/dist-packages/colcon_core/task/python/colcon_distutils_commands:/home/pi/fp_ws/install/fp_pkg/lib/python3.10/site-packages:${PYTHONPATH} /usr/bin/python3 -W ignore:setup.py install is deprecated -W ignore:easy_install command is deprecated setup.py develop --editable --build-directory /home/pi/fp_ws/build/fp_pkg/build --no-deps symlink_data --force
[8.900s] Level 1:colcon.colcon_core.shell:create_environment_hook('fp_pkg', 'pythonpath_develop')
[8.901s] INFO:colcon.colcon_core.shell:Creating environment hook '/home/pi/fp_ws/build/fp_pkg/share/fp_pkg/hook/pythonpath_develop.ps1'
[8.902s] DEBUG:colcon.colcon_core.event_handler.log_command:Invoked command in '/home/pi/fp_ws/build/fp_pkg' returned '0': PYTHONPATH=/home/pi/fp_ws/build/fp_pkg/prefix_override:/usr/lib/python3/dist-packages/colcon_core/task/python/colcon_distutils_commands:/home/pi/fp_ws/install/fp_pkg/lib/python3.10/site-packages:${PYTHONPATH} /usr/bin/python3 -W ignore:setup.py install is deprecated -W ignore:easy_install command is deprecated setup.py develop --editable --build-directory /home/pi/fp_ws/build/fp_pkg/build --no-deps symlink_data --force
[8.907s] INFO:colcon.colcon_core.shell:Creating environment descriptor '/home/pi/fp_ws/build/fp_pkg/share/fp_pkg/hook/pythonpath_develop.dsv'
[8.908s] INFO:colcon.colcon_core.shell:Creating environment hook '/home/pi/fp_ws/build/fp_pkg/share/fp_pkg/hook/pythonpath_develop.sh'
[8.938s] Level 1:colcon.colcon_core.environment:checking '/home/pi/fp_ws/install/fp_pkg' for CMake module files
[8.941s] Level 1:colcon.colcon_core.environment:checking '/home/pi/fp_ws/install/fp_pkg' for CMake config files
[8.948s] Level 1:colcon.colcon_core.environment:checking '/home/pi/fp_ws/install/fp_pkg/lib'
[8.949s] Level 1:colcon.colcon_core.environment:checking '/home/pi/fp_ws/install/fp_pkg/bin'
[8.949s] Level 1:colcon.colcon_core.environment:checking '/home/pi/fp_ws/install/fp_pkg/lib/pkgconfig/fp_pkg.pc'
[8.950s] Level 1:colcon.colcon_core.environment:checking '/home/pi/fp_ws/install/fp_pkg/lib/python3.10/site-packages'
[8.950s] Level 1:colcon.colcon_core.shell:create_environment_hook('fp_pkg', 'pythonpath')
[8.951s] INFO:colcon.colcon_core.shell:Creating environment hook '/home/pi/fp_ws/install/fp_pkg/share/fp_pkg/hook/pythonpath.ps1'
[8.953s] INFO:colcon.colcon_core.shell:Creating environment descriptor '/home/pi/fp_ws/install/fp_pkg/share/fp_pkg/hook/pythonpath.dsv'
[8.955s] INFO:colcon.colcon_core.shell:Creating environment hook '/home/pi/fp_ws/install/fp_pkg/share/fp_pkg/hook/pythonpath.sh'
[8.959s] Level 1:colcon.colcon_core.environment:checking '/home/pi/fp_ws/install/fp_pkg/bin'
[8.959s] Level 1:colcon.colcon_core.environment:create_environment_scripts_only(fp_pkg)
[8.961s] INFO:colcon.colcon_core.shell:Creating package script '/home/pi/fp_ws/install/fp_pkg/share/fp_pkg/package.ps1'
[8.966s] INFO:colcon.colcon_core.shell:Creating package descriptor '/home/pi/fp_ws/install/fp_pkg/share/fp_pkg/package.dsv'
[8.972s] INFO:colcon.colcon_core.shell:Creating package script '/home/pi/fp_ws/install/fp_pkg/share/fp_pkg/package.sh'
[8.979s] INFO:colcon.colcon_core.shell:Creating package script '/home/pi/fp_ws/install/fp_pkg/share/fp_pkg/package.bash'
[8.987s] INFO:colcon.colcon_core.shell:Creating package script '/home/pi/fp_ws/install/fp_pkg/share/fp_pkg/package.zsh'
[8.995s] Level 1:colcon.colcon_core.environment:create_file_with_runtime_dependencies(/home/pi/fp_ws/install/fp_pkg/share/colcon-core/packages/fp_pkg)
[8.996s] DEBUG:colcon.colcon_parallel_executor.executor.parallel:closing loop
[8.998s] DEBUG:colcon.colcon_parallel_executor.executor.parallel:loop closed
[8.998s] DEBUG:colcon.colcon_parallel_executor.executor.parallel:run_until_complete finished with '0'
[8.999s] DEBUG:colcon.colcon_core.event_reactor:joining thread
[9.027s] INFO:colcon.colcon_core.plugin_system:Skipping extension 'colcon_notification.desktop_notification.notify_send': Could not find 'notify-send'
[9.027s] INFO:colcon.colcon_core.plugin_system:Skipping extension 'colcon_notification.desktop_notification.terminal_notifier': Not used on non-Darwin systems
[9.028s] INFO:colcon.colcon_core.plugin_system:Skipping extension 'colcon_notification.desktop_notification.win32': Not used on non-Windows systems
[9.028s] INFO:colcon.colcon_notification.desktop_notification:Sending desktop notification using 'notify2'
[9.143s] DEBUG:colcon.colcon_notification.desktop_notification.notify2:Failed to initialize notify2: org.freedesktop.DBus.Error.ServiceUnknown: The name org.freedesktop.Notifications was not provided by any .service files
[9.143s] DEBUG:colcon.colcon_core.event_reactor:joined thread
[9.144s] INFO:colcon.colcon_core.shell:Creating prefix script '/home/pi/fp_ws/install/local_setup.ps1'
[9.151s] INFO:colcon.colcon_core.shell:Creating prefix util module '/home/pi/fp_ws/install/_local_setup_util_ps1.py'
[9.160s] INFO:colcon.colcon_core.shell:Creating prefix chain script '/home/pi/fp_ws/install/setup.ps1'
[9.169s] INFO:colcon.colcon_core.shell:Creating prefix script '/home/pi/fp_ws/install/local_setup.sh'
[9.174s] INFO:colcon.colcon_core.shell:Creating prefix util module '/home/pi/fp_ws/install/_local_setup_util_sh.py'
[9.177s] INFO:colcon.colcon_core.shell:Creating prefix chain script '/home/pi/fp_ws/install/setup.sh'
[9.186s] INFO:colcon.colcon_core.shell:Creating prefix script '/home/pi/fp_ws/install/local_setup.bash'
[9.191s] INFO:colcon.colcon_core.shell:Creating prefix chain script '/home/pi/fp_ws/install/setup.bash'
[9.200s] INFO:colcon.colcon_core.shell:Creating prefix script '/home/pi/fp_ws/install/local_setup.zsh'
[9.205s] INFO:colcon.colcon_core.shell:Creating prefix chain script '/home/pi/fp_ws/install/setup.zsh'
