[0.440s] DEBUG:colcon:Command line arguments: ['/usr/bin/colcon', 'build']
[0.440s] DEBUG:colcon:Parsed command line arguments: Namespace(log_base=None, log_level=None, verb_name='build', build_base='build', install_base='install', merge_install=False, symlink_install=False, test_result_base=None, continue_on_error=False, executor='parallel', parallel_workers=4, event_handlers=None, ignore_user_meta=False, metas=['./colcon.meta'], base_paths=['.'], packages_ignore=None, packages_ignore_regex=None, paths=None, packages_up_to=None, packages_up_to_regex=None, packages_above=None, packages_above_and_dependencies=None, packages_above_depth=None, packages_select_by_dep=None, packages_skip_by_dep=None, packages_skip_up_to=None, packages_select_build_failed=False, packages_skip_build_finished=False, packages_select_test_failures=False, packages_skip_test_passed=False, packages_select=None, packages_skip=None, packages_select_regex=None, packages_skip_regex=None, packages_start=None, packages_end=None, allow_overriding=[], cmake_args=None, cmake_target=None, cmake_target_skip_unavailable=False, cmake_clean_cache=False, cmake_clean_first=False, cmake_force_configure=False, ament_cmake_args=None, catkin_cmake_args=None, catkin_skip_building_tests=False, verb_parser=<colcon_defaults.argument_parser.defaults.DefaultArgumentsDecorator object at 0xffff8f025000>, verb_extension=<colcon_core.verb.build.BuildVerb object at 0xffff8f1c2470>, main=<bound method BuildVerb.main of <colcon_core.verb.build.BuildVerb object at 0xffff8f1c2470>>)
[1.244s] Level 1:colcon.colcon_core.package_discovery:discover_packages(colcon_meta) check parameters
[1.245s] Level 1:colcon.colcon_core.package_discovery:discover_packages(recursive) check parameters
[1.245s] Level 1:colcon.colcon_core.package_discovery:discover_packages(ignore) check parameters
[1.245s] Level 1:colcon.colcon_core.package_discovery:discover_packages(path) check parameters
[1.245s] Level 1:colcon.colcon_core.package_discovery:discover_packages(colcon_meta) discover
[1.245s] Level 1:colcon.colcon_core.package_discovery:discover_packages(recursive) discover
[1.246s] INFO:colcon.colcon_core.package_discovery:Crawling recursively for packages in '/home/pi/fp_ws'
[1.246s] Level 1:colcon.colcon_core.package_identification:_identify(.) by extensions ['ignore', 'ignore_ament_install']
[1.246s] Level 1:colcon.colcon_core.package_identification:_identify(.) by extension 'ignore'
[1.246s] Level 1:colcon.colcon_core.package_identification:_identify(.) by extension 'ignore_ament_install'
[1.247s] Level 1:colcon.colcon_core.package_identification:_identify(.) by extensions ['colcon_pkg']
[1.247s] Level 1:colcon.colcon_core.package_identification:_identify(.) by extension 'colcon_pkg'
[1.247s] Level 1:colcon.colcon_core.package_identification:_identify(.) by extensions ['colcon_meta']
[1.247s] Level 1:colcon.colcon_core.package_identification:_identify(.) by extension 'colcon_meta'
[1.247s] Level 1:colcon.colcon_core.package_identification:_identify(.) by extensions ['ros']
[1.247s] Level 1:colcon.colcon_core.package_identification:_identify(.) by extension 'ros'
[1.292s] Level 1:colcon.colcon_core.package_identification:_identify(.) by extensions ['cmake', 'python']
[1.293s] Level 1:colcon.colcon_core.package_identification:_identify(.) by extension 'cmake'
[1.293s] Level 1:colcon.colcon_core.package_identification:_identify(.) by extension 'python'
[1.293s] Level 1:colcon.colcon_core.package_identification:_identify(.) by extensions ['python_setup_py']
[1.293s] Level 1:colcon.colcon_core.package_identification:_identify(.) by extension 'python_setup_py'
[1.294s] Level 1:colcon.colcon_core.package_identification:_identify(build) by extensions ['ignore', 'ignore_ament_install']
[1.294s] Level 1:colcon.colcon_core.package_identification:_identify(build) by extension 'ignore'
[1.294s] Level 1:colcon.colcon_core.package_identification:_identify(build) ignored
[1.295s] Level 1:colcon.colcon_core.package_identification:_identify(install) by extensions ['ignore', 'ignore_ament_install']
[1.295s] Level 1:colcon.colcon_core.package_identification:_identify(install) by extension 'ignore'
[1.295s] Level 1:colcon.colcon_core.package_identification:_identify(install) ignored
[1.296s] Level 1:colcon.colcon_core.package_identification:_identify(log) by extensions ['ignore', 'ignore_ament_install']
[1.296s] Level 1:colcon.colcon_core.package_identification:_identify(log) by extension 'ignore'
[1.296s] Level 1:colcon.colcon_core.package_identification:_identify(log) ignored
[1.297s] Level 1:colcon.colcon_core.package_identification:_identify(src) by extensions ['ignore', 'ignore_ament_install']
[1.297s] Level 1:colcon.colcon_core.package_identification:_identify(src) by extension 'ignore'
[1.297s] Level 1:colcon.colcon_core.package_identification:_identify(src) by extension 'ignore_ament_install'
[1.297s] Level 1:colcon.colcon_core.package_identification:_identify(src) by extensions ['colcon_pkg']
[1.297s] Level 1:colcon.colcon_core.package_identification:_identify(src) by extension 'colcon_pkg'
[1.297s] Level 1:colcon.colcon_core.package_identification:_identify(src) by extensions ['colcon_meta']
[1.298s] Level 1:colcon.colcon_core.package_identification:_identify(src) by extension 'colcon_meta'
[1.298s] Level 1:colcon.colcon_core.package_identification:_identify(src) by extensions ['ros']
[1.298s] Level 1:colcon.colcon_core.package_identification:_identify(src) by extension 'ros'
[1.298s] Level 1:colcon.colcon_core.package_identification:_identify(src) by extensions ['cmake', 'python']
[1.298s] Level 1:colcon.colcon_core.package_identification:_identify(src) by extension 'cmake'
[1.298s] Level 1:colcon.colcon_core.package_identification:_identify(src) by extension 'python'
[1.299s] Level 1:colcon.colcon_core.package_identification:_identify(src) by extensions ['python_setup_py']
[1.299s] Level 1:colcon.colcon_core.package_identification:_identify(src) by extension 'python_setup_py'
[1.299s] Level 1:colcon.colcon_core.package_identification:_identify(src/fp_pkg) by extensions ['ignore', 'ignore_ament_install']
[1.300s] Level 1:colcon.colcon_core.package_identification:_identify(src/fp_pkg) by extension 'ignore'
[1.300s] Level 1:colcon.colcon_core.package_identification:_identify(src/fp_pkg) by extension 'ignore_ament_install'
[1.300s] Level 1:colcon.colcon_core.package_identification:_identify(src/fp_pkg) by extensions ['colcon_pkg']
[1.300s] Level 1:colcon.colcon_core.package_identification:_identify(src/fp_pkg) by extension 'colcon_pkg'
[1.300s] Level 1:colcon.colcon_core.package_identification:_identify(src/fp_pkg) by extensions ['colcon_meta']
[1.300s] Level 1:colcon.colcon_core.package_identification:_identify(src/fp_pkg) by extension 'colcon_meta'
[1.301s] Level 1:colcon.colcon_core.package_identification:_identify(src/fp_pkg) by extensions ['ros']
[1.301s] Level 1:colcon.colcon_core.package_identification:_identify(src/fp_pkg) by extension 'ros'
[1.309s] DEBUG:colcon.colcon_core.package_identification:Package 'src/fp_pkg' with type 'ros.ament_python' and name 'fp_pkg'
[1.309s] Level 1:colcon.colcon_core.package_discovery:discover_packages(recursive) using defaults
[1.310s] Level 1:colcon.colcon_core.package_discovery:discover_packages(ignore) discover
[1.310s] Level 1:colcon.colcon_core.package_discovery:discover_packages(ignore) using defaults
[1.310s] Level 1:colcon.colcon_core.package_discovery:discover_packages(path) discover
[1.310s] Level 1:colcon.colcon_core.package_discovery:discover_packages(path) using defaults
[1.426s] Level 1:colcon.colcon_core.package_discovery:discover_packages(prefix_path) check parameters
[1.426s] Level 1:colcon.colcon_core.package_discovery:discover_packages(prefix_path) discover
[1.437s] DEBUG:colcon.colcon_installed_package_information.package_discovery:Found 8 installed packages in /home/pi/turtlebot3_ws/install
[1.448s] DEBUG:colcon.colcon_installed_package_information.package_discovery:Found 333 installed packages in /opt/ros/humble
[1.455s] Level 1:colcon.colcon_core.package_discovery:discover_packages(prefix_path) using defaults
[1.646s] Level 5:colcon.colcon_core.verb:set package 'fp_pkg' build argument 'cmake_args' from command line to 'None'
[1.646s] Level 5:colcon.colcon_core.verb:set package 'fp_pkg' build argument 'cmake_target' from command line to 'None'
[1.646s] Level 5:colcon.colcon_core.verb:set package 'fp_pkg' build argument 'cmake_target_skip_unavailable' from command line to 'False'
[1.647s] Level 5:colcon.colcon_core.verb:set package 'fp_pkg' build argument 'cmake_clean_cache' from command line to 'False'
[1.647s] Level 5:colcon.colcon_core.verb:set package 'fp_pkg' build argument 'cmake_clean_first' from command line to 'False'
[1.647s] Level 5:colcon.colcon_core.verb:set package 'fp_pkg' build argument 'cmake_force_configure' from command line to 'False'
[1.647s] Level 5:colcon.colcon_core.verb:set package 'fp_pkg' build argument 'ament_cmake_args' from command line to 'None'
[1.647s] Level 5:colcon.colcon_core.verb:set package 'fp_pkg' build argument 'catkin_cmake_args' from command line to 'None'
[1.647s] Level 5:colcon.colcon_core.verb:set package 'fp_pkg' build argument 'catkin_skip_building_tests' from command line to 'False'
[1.647s] DEBUG:colcon.colcon_core.verb:Building package 'fp_pkg' with the following arguments: {'ament_cmake_args': None, 'build_base': '/home/pi/fp_ws/build/fp_pkg', 'catkin_cmake_args': None, 'catkin_skip_building_tests': False, 'cmake_args': None, 'cmake_clean_cache': False, 'cmake_clean_first': False, 'cmake_force_configure': False, 'cmake_target': None, 'cmake_target_skip_unavailable': False, 'install_base': '/home/pi/fp_ws/install/fp_pkg', 'merge_install': False, 'path': '/home/pi/fp_ws/src/fp_pkg', 'symlink_install': False, 'test_result_base': None}
[1.648s] INFO:colcon.colcon_core.executor:Executing jobs using 'parallel' executor
[1.651s] DEBUG:colcon.colcon_parallel_executor.executor.parallel:run_until_complete
[1.652s] INFO:colcon.colcon_ros.task.ament_python.build:Building ROS package in '/home/pi/fp_ws/src/fp_pkg' with build type 'ament_python'
[1.653s] Level 1:colcon.colcon_core.shell:create_environment_hook('fp_pkg', 'ament_prefix_path')
[1.661s] INFO:colcon.colcon_core.plugin_system:Skipping extension 'colcon_core.shell.bat': Not used on non-Windows systems
[1.662s] INFO:colcon.colcon_core.shell:Creating environment hook '/home/pi/fp_ws/install/fp_pkg/share/fp_pkg/hook/ament_prefix_path.ps1'
[1.665s] INFO:colcon.colcon_core.shell:Creating environment descriptor '/home/pi/fp_ws/install/fp_pkg/share/fp_pkg/hook/ament_prefix_path.dsv'
[1.667s] INFO:colcon.colcon_core.shell:Creating environment hook '/home/pi/fp_ws/install/fp_pkg/share/fp_pkg/hook/ament_prefix_path.sh'
[1.671s] INFO:colcon.colcon_core.shell:Skip shell extension 'powershell' for command environment: Not usable outside of PowerShell
[1.671s] DEBUG:colcon.colcon_core.shell:Skip shell extension 'dsv' for command environment
[2.887s] INFO:colcon.colcon_core.task.python.build:Building Python package in '/home/pi/fp_ws/src/fp_pkg'
[2.888s] INFO:colcon.colcon_core.shell:Skip shell extension 'powershell' for command environment: Not usable outside of PowerShell
[2.889s] DEBUG:colcon.colcon_core.shell:Skip shell extension 'dsv' for command environment
[4.552s] DEBUG:colcon.colcon_core.event_handler.log_command:Invoking command in '/home/pi/fp_ws/src/fp_pkg': PYTHONPATH=/home/pi/fp_ws/build/fp_pkg/prefix_override:/usr/lib/python3/dist-packages/colcon_core/task/python/colcon_distutils_commands:/home/pi/fp_ws/install/fp_pkg/lib/python3.10/site-packages:${PYTHONPATH} /usr/bin/python3 -W ignore:setup.py install is deprecated -W ignore:easy_install command is deprecated setup.py egg_info --egg-base ../../build/fp_pkg build --build-base /home/pi/fp_ws/build/fp_pkg/build install --record /home/pi/fp_ws/build/fp_pkg/install.log --single-version-externally-managed install_data
[5.928s] DEBUG:colcon.colcon_core.event_handler.log_command:Invoked command in '/home/pi/fp_ws/src/fp_pkg' returned '0': PYTHONPATH=/home/pi/fp_ws/build/fp_pkg/prefix_override:/usr/lib/python3/dist-packages/colcon_core/task/python/colcon_distutils_commands:/home/pi/fp_ws/install/fp_pkg/lib/python3.10/site-packages:${PYTHONPATH} /usr/bin/python3 -W ignore:setup.py install is deprecated -W ignore:easy_install command is deprecated setup.py egg_info --egg-base ../../build/fp_pkg build --build-base /home/pi/fp_ws/build/fp_pkg/build install --record /home/pi/fp_ws/build/fp_pkg/install.log --single-version-externally-managed install_data
[5.939s] Level 1:colcon.colcon_core.environment:checking '/home/pi/fp_ws/install/fp_pkg' for CMake module files
[5.942s] Level 1:colcon.colcon_core.environment:checking '/home/pi/fp_ws/install/fp_pkg' for CMake config files
[5.947s] Level 1:colcon.colcon_core.environment:checking '/home/pi/fp_ws/install/fp_pkg/lib'
[5.947s] Level 1:colcon.colcon_core.environment:checking '/home/pi/fp_ws/install/fp_pkg/bin'
[5.948s] Level 1:colcon.colcon_core.environment:checking '/home/pi/fp_ws/install/fp_pkg/lib/pkgconfig/fp_pkg.pc'
[5.948s] Level 1:colcon.colcon_core.environment:checking '/home/pi/fp_ws/install/fp_pkg/lib/python3.10/site-packages'
[5.949s] Level 1:colcon.colcon_core.shell:create_environment_hook('fp_pkg', 'pythonpath')
[5.949s] INFO:colcon.colcon_core.shell:Creating environment hook '/home/pi/fp_ws/install/fp_pkg/share/fp_pkg/hook/pythonpath.ps1'
[5.951s] INFO:colcon.colcon_core.shell:Creating environment descriptor '/home/pi/fp_ws/install/fp_pkg/share/fp_pkg/hook/pythonpath.dsv'
[5.953s] INFO:colcon.colcon_core.shell:Creating environment hook '/home/pi/fp_ws/install/fp_pkg/share/fp_pkg/hook/pythonpath.sh'
[5.956s] Level 1:colcon.colcon_core.environment:checking '/home/pi/fp_ws/install/fp_pkg/bin'
[5.957s] Level 1:colcon.colcon_core.environment:create_environment_scripts_only(fp_pkg)
[5.958s] INFO:colcon.colcon_core.shell:Creating package script '/home/pi/fp_ws/install/fp_pkg/share/fp_pkg/package.ps1'
[5.961s] INFO:colcon.colcon_core.shell:Creating package descriptor '/home/pi/fp_ws/install/fp_pkg/share/fp_pkg/package.dsv'
[5.964s] INFO:colcon.colcon_core.shell:Creating package script '/home/pi/fp_ws/install/fp_pkg/share/fp_pkg/package.sh'
[5.967s] INFO:colcon.colcon_core.shell:Creating package script '/home/pi/fp_ws/install/fp_pkg/share/fp_pkg/package.bash'
[5.970s] INFO:colcon.colcon_core.shell:Creating package script '/home/pi/fp_ws/install/fp_pkg/share/fp_pkg/package.zsh'
[5.973s] Level 1:colcon.colcon_core.environment:create_file_with_runtime_dependencies(/home/pi/fp_ws/install/fp_pkg/share/colcon-core/packages/fp_pkg)
[5.975s] DEBUG:colcon.colcon_parallel_executor.executor.parallel:closing loop
[5.976s] DEBUG:colcon.colcon_parallel_executor.executor.parallel:loop closed
[5.976s] DEBUG:colcon.colcon_parallel_executor.executor.parallel:run_until_complete finished with '0'
[5.977s] DEBUG:colcon.colcon_core.event_reactor:joining thread
[5.996s] INFO:colcon.colcon_core.plugin_system:Skipping extension 'colcon_notification.desktop_notification.notify_send': Could not find 'notify-send'
[5.997s] INFO:colcon.colcon_core.plugin_system:Skipping extension 'colcon_notification.desktop_notification.terminal_notifier': Not used on non-Darwin systems
[5.997s] INFO:colcon.colcon_core.plugin_system:Skipping extension 'colcon_notification.desktop_notification.win32': Not used on non-Windows systems
[5.997s] INFO:colcon.colcon_notification.desktop_notification:Sending desktop notification using 'notify2'
[6.000s] DEBUG:colcon.colcon_notification.desktop_notification.notify2:Failed to initialize notify2: org.freedesktop.DBus.Error.ServiceUnknown: The name org.freedesktop.Notifications was not provided by any .service files
[6.001s] DEBUG:colcon.colcon_core.event_reactor:joined thread
[6.002s] INFO:colcon.colcon_core.shell:Creating prefix script '/home/pi/fp_ws/install/local_setup.ps1'
[6.005s] INFO:colcon.colcon_core.shell:Creating prefix util module '/home/pi/fp_ws/install/_local_setup_util_ps1.py'
[6.011s] INFO:colcon.colcon_core.shell:Creating prefix chain script '/home/pi/fp_ws/install/setup.ps1'
[6.018s] INFO:colcon.colcon_core.shell:Creating prefix script '/home/pi/fp_ws/install/local_setup.sh'
[6.021s] INFO:colcon.colcon_core.shell:Creating prefix util module '/home/pi/fp_ws/install/_local_setup_util_sh.py'
[6.024s] INFO:colcon.colcon_core.shell:Creating prefix chain script '/home/pi/fp_ws/install/setup.sh'
[6.031s] INFO:colcon.colcon_core.shell:Creating prefix script '/home/pi/fp_ws/install/local_setup.bash'
[6.033s] INFO:colcon.colcon_core.shell:Creating prefix chain script '/home/pi/fp_ws/install/setup.bash'
[6.039s] INFO:colcon.colcon_core.shell:Creating prefix script '/home/pi/fp_ws/install/local_setup.zsh'
[6.041s] INFO:colcon.colcon_core.shell:Creating prefix chain script '/home/pi/fp_ws/install/setup.zsh'
