[3.568s] Invoking command in '/home/pi/fp_ws/src/fp_pkg': PYTHONPATH=/home/pi/fp_ws/build/fp_pkg/prefix_override:/usr/lib/python3/dist-packages/colcon_core/task/python/colcon_distutils_commands:/home/pi/fp_ws/install/fp_pkg/lib/python3.10/site-packages:${PYTHONPATH} /usr/bin/python3 -W ignore:setup.py install is deprecated -W ignore:easy_install command is deprecated setup.py egg_info --egg-base ../../build/fp_pkg build --build-base /home/pi/fp_ws/build/fp_pkg/build install --record /home/pi/fp_ws/build/fp_pkg/install.log --single-version-externally-managed install_data
[4.697s] running egg_info
[4.700s] writing ../../build/fp_pkg/fp_pkg.egg-info/PKG-INFO
[4.702s] writing dependency_links to ../../build/fp_pkg/fp_pkg.egg-info/dependency_links.txt
[4.703s] writing entry points to ../../build/fp_pkg/fp_pkg.egg-info/entry_points.txt
[4.704s] writing requirements to ../../build/fp_pkg/fp_pkg.egg-info/requires.txt
[4.704s] writing top-level names to ../../build/fp_pkg/fp_pkg.egg-info/top_level.txt
[4.713s] reading manifest file '../../build/fp_pkg/fp_pkg.egg-info/SOURCES.txt'
[4.718s] writing manifest file '../../build/fp_pkg/fp_pkg.egg-info/SOURCES.txt'
[4.718s] running build
[4.719s] running build_py
[4.725s] copying fp_pkg/carry_node.py -> /home/pi/fp_ws/build/fp_pkg/build/lib/fp_pkg
[4.726s] running install
[4.727s] running install_lib
[4.739s] copying /home/pi/fp_ws/build/fp_pkg/build/lib/fp_pkg/carry_node.py -> /home/pi/fp_ws/install/fp_pkg/lib/python3.10/site-packages/fp_pkg
[4.744s] byte-compiling /home/pi/fp_ws/install/fp_pkg/lib/python3.10/site-packages/fp_pkg/carry_node.py to carry_node.cpython-310.pyc
[4.756s] running install_data
[4.764s] running install_egg_info
[4.773s] removing '/home/pi/fp_ws/install/fp_pkg/lib/python3.10/site-packages/fp_pkg-0.0.0-py3.10.egg-info' (and everything under it)
[4.776s] Copying ../../build/fp_pkg/fp_pkg.egg-info to /home/pi/fp_ws/install/fp_pkg/lib/python3.10/site-packages/fp_pkg-0.0.0-py3.10.egg-info
[4.782s] running install_scripts
[4.859s] Installing carry_node script to /home/pi/fp_ws/install/fp_pkg/lib/fp_pkg
[4.861s] Installing sensor_node script to /home/pi/fp_ws/install/fp_pkg/lib/fp_pkg
[4.863s] writing list of installed files to '/home/pi/fp_ws/build/fp_pkg/install.log'
[4.980s] Invoked command in '/home/pi/fp_ws/src/fp_pkg' returned '0': PYTHONPATH=/home/pi/fp_ws/build/fp_pkg/prefix_override:/usr/lib/python3/dist-packages/colcon_core/task/python/colcon_distutils_commands:/home/pi/fp_ws/install/fp_pkg/lib/python3.10/site-packages:${PYTHONPATH} /usr/bin/python3 -W ignore:setup.py install is deprecated -W ignore:easy_install command is deprecated setup.py egg_info --egg-base ../../build/fp_pkg build --build-base /home/pi/fp_ws/build/fp_pkg/build install --record /home/pi/fp_ws/build/fp_pkg/install.log --single-version-externally-managed install_data
