running egg_info
writing ../../build/fp_pkg/fp_pkg.egg-info/PKG-INFO
writing dependency_links to ../../build/fp_pkg/fp_pkg.egg-info/dependency_links.txt
writing entry points to ../../build/fp_pkg/fp_pkg.egg-info/entry_points.txt
writing requirements to ../../build/fp_pkg/fp_pkg.egg-info/requires.txt
writing top-level names to ../../build/fp_pkg/fp_pkg.egg-info/top_level.txt
reading manifest file '../../build/fp_pkg/fp_pkg.egg-info/SOURCES.txt'
writing manifest file '../../build/fp_pkg/fp_pkg.egg-info/SOURCES.txt'
running build
running build_py
copying fp_pkg/sensor_node.py -> /home/pi/fp_ws/build/fp_pkg/build/lib/fp_pkg
running install
running install_lib
copying /home/pi/fp_ws/build/fp_pkg/build/lib/fp_pkg/sensor_node.py -> /home/pi/fp_ws/install/fp_pkg/lib/python3.10/site-packages/fp_pkg
byte-compiling /home/pi/fp_ws/install/fp_pkg/lib/python3.10/site-packages/fp_pkg/sensor_node.py to sensor_node.cpython-310.pyc
running install_data
running install_egg_info
removing '/home/pi/fp_ws/install/fp_pkg/lib/python3.10/site-packages/fp_pkg-0.0.0-py3.10.egg-info' (and everything under it)
Copying ../../build/fp_pkg/fp_pkg.egg-info to /home/pi/fp_ws/install/fp_pkg/lib/python3.10/site-packages/fp_pkg-0.0.0-py3.10.egg-info
running install_scripts
Installing carry_node script to /home/pi/fp_ws/install/fp_pkg/lib/fp_pkg
Installing sensor_node script to /home/pi/fp_ws/install/fp_pkg/lib/fp_pkg
writing list of installed files to '/home/pi/fp_ws/build/fp_pkg/install.log'
