running egg_info
creating ../build/fp_pkg/fp_pkg.egg-info
writing ../build/fp_pkg/fp_pkg.egg-info/PKG-INFO
writing dependency_links to ../build/fp_pkg/fp_pkg.egg-info/dependency_links.txt
writing entry points to ../build/fp_pkg/fp_pkg.egg-info/entry_points.txt
writing requirements to ../build/fp_pkg/fp_pkg.egg-info/requires.txt
writing top-level names to ../build/fp_pkg/fp_pkg.egg-info/top_level.txt
writing manifest file '../build/fp_pkg/fp_pkg.egg-info/SOURCES.txt'
reading manifest file '../build/fp_pkg/fp_pkg.egg-info/SOURCES.txt'
writing manifest file '../build/fp_pkg/fp_pkg.egg-info/SOURCES.txt'
running build
running build_py
creating /home/pi/fp_ws/src/build/fp_pkg/build
creating /home/pi/fp_ws/src/build/fp_pkg/build/lib
creating /home/pi/fp_ws/src/build/fp_pkg/build/lib/fp_pkg
copying fp_pkg/__init__.py -> /home/pi/fp_ws/src/build/fp_pkg/build/lib/fp_pkg
copying fp_pkg/sensor_node.py -> /home/pi/fp_ws/src/build/fp_pkg/build/lib/fp_pkg
copying fp_pkg/carry_node.py -> /home/pi/fp_ws/src/build/fp_pkg/build/lib/fp_pkg
running install
running install_lib
creating /home/pi/fp_ws/src/install/fp_pkg/lib/python3.10/site-packages/fp_pkg
copying /home/pi/fp_ws/src/build/fp_pkg/build/lib/fp_pkg/__init__.py -> /home/pi/fp_ws/src/install/fp_pkg/lib/python3.10/site-packages/fp_pkg
copying /home/pi/fp_ws/src/build/fp_pkg/build/lib/fp_pkg/sensor_node.py -> /home/pi/fp_ws/src/install/fp_pkg/lib/python3.10/site-packages/fp_pkg
copying /home/pi/fp_ws/src/build/fp_pkg/build/lib/fp_pkg/carry_node.py -> /home/pi/fp_ws/src/install/fp_pkg/lib/python3.10/site-packages/fp_pkg
byte-compiling /home/pi/fp_ws/src/install/fp_pkg/lib/python3.10/site-packages/fp_pkg/__init__.py to __init__.cpython-310.pyc
byte-compiling /home/pi/fp_ws/src/install/fp_pkg/lib/python3.10/site-packages/fp_pkg/sensor_node.py to sensor_node.cpython-310.pyc
byte-compiling /home/pi/fp_ws/src/install/fp_pkg/lib/python3.10/site-packages/fp_pkg/carry_node.py to carry_node.cpython-310.pyc
Sorry: TabError: inconsistent use of tabs and spaces in indentation (carry_node.py, line 204)
running install_data
creating /home/pi/fp_ws/src/install/fp_pkg/share/ament_index
creating /home/pi/fp_ws/src/install/fp_pkg/share/ament_index/resource_index
creating /home/pi/fp_ws/src/install/fp_pkg/share/ament_index/resource_index/packages
copying resource/fp_pkg -> /home/pi/fp_ws/src/install/fp_pkg/share/ament_index/resource_index/packages
copying package.xml -> /home/pi/fp_ws/src/install/fp_pkg/share/fp_pkg
running install_egg_info
Copying ../build/fp_pkg/fp_pkg.egg-info to /home/pi/fp_ws/src/install/fp_pkg/lib/python3.10/site-packages/fp_pkg-0.0.0-py3.10.egg-info
running install_scripts
Installing carry_node script to /home/pi/fp_ws/src/install/fp_pkg/lib/fp_pkg
Installing sensor_node script to /home/pi/fp_ws/src/install/fp_pkg/lib/fp_pkg
writing list of installed files to '/home/pi/fp_ws/src/build/fp_pkg/install.log'
