[3.583s] Invoking command in '/home/pi/fp_ws/build/fp_pkg': PYTHONPATH=/home/pi/fp_ws/build/fp_pkg/prefix_override:/usr/lib/python3/dist-packages/colcon_core/task/python/colcon_distutils_commands:/home/pi/fp_ws/install/fp_pkg/lib/python3.10/site-packages:${PYTHONPATH} /usr/bin/python3 -W ignore:setup.py install is deprecated -W ignore:easy_install command is deprecated setup.py develop --editable --build-directory /home/pi/fp_ws/build/fp_pkg/build --no-deps symlink_data --force
[4.784s] running develop
[5.572s] running egg_info
[5.573s] writing fp_pkg.egg-info/PKG-INFO
[5.576s] writing dependency_links to fp_pkg.egg-info/dependency_links.txt
[5.577s] writing entry points to fp_pkg.egg-info/entry_points.txt
[5.577s] writing requirements to fp_pkg.egg-info/requires.txt
[5.578s] writing top-level names to fp_pkg.egg-info/top_level.txt
[5.587s] reading manifest file 'fp_pkg.egg-info/SOURCES.txt'
[5.592s] writing manifest file 'fp_pkg.egg-info/SOURCES.txt'
[5.598s] running build_ext
[5.599s] Creating /home/pi/fp_ws/install/fp_pkg/lib/python3.10/site-packages/fp-pkg.egg-link (link to .)
[5.602s] Installing carry_node script to /home/pi/fp_ws/install/fp_pkg/lib/fp_pkg
[5.603s] Installing sensor_node script to /home/pi/fp_ws/install/fp_pkg/lib/fp_pkg
[5.604s] 
[5.605s] Installed /home/pi/fp_ws/build/fp_pkg
[5.605s] running symlink_data
[5.605s] symbolically linking /home/pi/fp_ws/build/fp_pkg/resource/fp_pkg -> /home/pi/fp_ws/install/fp_pkg/share/ament_index/resource_index/packages
[5.606s] symbolically linking /home/pi/fp_ws/build/fp_pkg/package.xml -> /home/pi/fp_ws/install/fp_pkg/share/fp_pkg
[5.739s] Invoked command in '/home/pi/fp_ws/build/fp_pkg' returned '0': PYTHONPATH=/home/pi/fp_ws/build/fp_pkg/prefix_override:/usr/lib/python3/dist-packages/colcon_core/task/python/colcon_distutils_commands:/home/pi/fp_ws/install/fp_pkg/lib/python3.10/site-packages:${PYTHONPATH} /usr/bin/python3 -W ignore:setup.py install is deprecated -W ignore:easy_install command is deprecated setup.py develop --editable --build-directory /home/pi/fp_ws/build/fp_pkg/build --no-deps symlink_data --force
