[3.973s] Invoking command in '/home/pi/fp_ws/src/fp_pkg': PYTHONPATH=/home/pi/fp_ws/build/fp_pkg/prefix_override:/usr/lib/python3/dist-packages/colcon_core/task/python/colcon_distutils_commands:/home/pi/fp_ws/install/fp_pkg/lib/python3.10/site-packages:${PYTHONPATH} /usr/bin/python3 -W ignore:setup.py install is deprecated -W ignore:easy_install command is deprecated setup.py egg_info --egg-base ../../build/fp_pkg build --build-base /home/pi/fp_ws/build/fp_pkg/build install --record /home/pi/fp_ws/build/fp_pkg/install.log --single-version-externally-managed install_data
[5.583s] running egg_info
[5.588s] writing ../../build/fp_pkg/fp_pkg.egg-info/PKG-INFO
[5.589s] writing dependency_links to ../../build/fp_pkg/fp_pkg.egg-info/dependency_links.txt
[5.590s] writing entry points to ../../build/fp_pkg/fp_pkg.egg-info/entry_points.txt
[5.592s] writing requirements to ../../build/fp_pkg/fp_pkg.egg-info/requires.txt
[5.593s] writing top-level names to ../../build/fp_pkg/fp_pkg.egg-info/top_level.txt
[5.606s] reading manifest file '../../build/fp_pkg/fp_pkg.egg-info/SOURCES.txt'
[5.611s] writing manifest file '../../build/fp_pkg/fp_pkg.egg-info/SOURCES.txt'
[5.612s] running build
[5.612s] running build_py
[5.613s] copying fp_pkg/carry_node.py -> /home/pi/fp_ws/build/fp_pkg/build/lib/fp_pkg
[5.614s] running install
[5.616s] running install_lib
[5.626s] copying /home/pi/fp_ws/build/fp_pkg/build/lib/fp_pkg/carry_node.py -> /home/pi/fp_ws/install/fp_pkg/lib/python3.10/site-packages/fp_pkg
[5.630s] byte-compiling /home/pi/fp_ws/install/fp_pkg/lib/python3.10/site-packages/fp_pkg/carry_node.py to carry_node.cpython-310.pyc
[5.647s] running install_data
[5.647s] running install_egg_info
[5.655s] removing '/home/pi/fp_ws/install/fp_pkg/lib/python3.10/site-packages/fp_pkg-0.0.0-py3.10.egg-info' (and everything under it)
[5.657s] Copying ../../build/fp_pkg/fp_pkg.egg-info to /home/pi/fp_ws/install/fp_pkg/lib/python3.10/site-packages/fp_pkg-0.0.0-py3.10.egg-info
[5.674s] running install_scripts
[5.769s] Installing carry_node script to /home/pi/fp_ws/install/fp_pkg/lib/fp_pkg
[5.771s] Installing sensor_node script to /home/pi/fp_ws/install/fp_pkg/lib/fp_pkg
[5.773s] writing list of installed files to '/home/pi/fp_ws/build/fp_pkg/install.log'
[5.936s] Invoked command in '/home/pi/fp_ws/src/fp_pkg' returned '0': PYTHONPATH=/home/pi/fp_ws/build/fp_pkg/prefix_override:/usr/lib/python3/dist-packages/colcon_core/task/python/colcon_distutils_commands:/home/pi/fp_ws/install/fp_pkg/lib/python3.10/site-packages:${PYTHONPATH} /usr/bin/python3 -W ignore:setup.py install is deprecated -W ignore:easy_install command is deprecated setup.py egg_info --egg-base ../../build/fp_pkg build --build-base /home/pi/fp_ws/build/fp_pkg/build install --record /home/pi/fp_ws/build/fp_pkg/install.log --single-version-externally-managed install_data
