[3.703s] Invoking command in '/home/pi/fp_ws/src/fp_pkg': PYTHONPATH=/home/pi/fp_ws/build/fp_pkg/prefix_override:/usr/lib/python3/dist-packages/colcon_core/task/python/colcon_distutils_commands:/home/pi/fp_ws/install/fp_pkg/lib/python3.10/site-packages:${PYTHONPATH} /usr/bin/python3 -W ignore:setup.py install is deprecated -W ignore:easy_install command is deprecated setup.py egg_info --egg-base ../../build/fp_pkg build --build-base /home/pi/fp_ws/build/fp_pkg/build install --record /home/pi/fp_ws/build/fp_pkg/install.log --single-version-externally-managed install_data
[5.123s] running egg_info
[5.126s] writing ../../build/fp_pkg/fp_pkg.egg-info/PKG-INFO
[5.128s] writing dependency_links to ../../build/fp_pkg/fp_pkg.egg-info/dependency_links.txt
[5.129s] writing entry points to ../../build/fp_pkg/fp_pkg.egg-info/entry_points.txt
[5.130s] writing requirements to ../../build/fp_pkg/fp_pkg.egg-info/requires.txt
[5.131s] writing top-level names to ../../build/fp_pkg/fp_pkg.egg-info/top_level.txt
[5.141s] reading manifest file '../../build/fp_pkg/fp_pkg.egg-info/SOURCES.txt'
[5.145s] writing manifest file '../../build/fp_pkg/fp_pkg.egg-info/SOURCES.txt'
[5.146s] running build
[5.146s] running build_py
[5.147s] copying fp_pkg/carry_node.py -> /home/pi/fp_ws/build/fp_pkg/build/lib/fp_pkg
[5.149s] running install
[5.150s] running install_lib
[5.160s] copying /home/pi/fp_ws/build/fp_pkg/build/lib/fp_pkg/carry_node.py -> /home/pi/fp_ws/install/fp_pkg/lib/python3.10/site-packages/fp_pkg
[5.165s] byte-compiling /home/pi/fp_ws/install/fp_pkg/lib/python3.10/site-packages/fp_pkg/carry_node.py to carry_node.cpython-310.pyc
[5.175s] running install_data
[5.176s] running install_egg_info
[5.184s] removing '/home/pi/fp_ws/install/fp_pkg/lib/python3.10/site-packages/fp_pkg-0.0.0-py3.10.egg-info' (and everything under it)
[5.186s] Copying ../../build/fp_pkg/fp_pkg.egg-info to /home/pi/fp_ws/install/fp_pkg/lib/python3.10/site-packages/fp_pkg-0.0.0-py3.10.egg-info
[5.191s] running install_scripts
[5.287s] Installing carry_node script to /home/pi/fp_ws/install/fp_pkg/lib/fp_pkg
[5.288s] Installing sensor_node script to /home/pi/fp_ws/install/fp_pkg/lib/fp_pkg
[5.290s] writing list of installed files to '/home/pi/fp_ws/build/fp_pkg/install.log'
[5.440s] Invoked command in '/home/pi/fp_ws/src/fp_pkg' returned '0': PYTHONPATH=/home/pi/fp_ws/build/fp_pkg/prefix_override:/usr/lib/python3/dist-packages/colcon_core/task/python/colcon_distutils_commands:/home/pi/fp_ws/install/fp_pkg/lib/python3.10/site-packages:${PYTHONPATH} /usr/bin/python3 -W ignore:setup.py install is deprecated -W ignore:easy_install command is deprecated setup.py egg_info --egg-base ../../build/fp_pkg build --build-base /home/pi/fp_ws/build/fp_pkg/build install --record /home/pi/fp_ws/build/fp_pkg/install.log --single-version-externally-managed install_data
