[3.697s] Invoking command in '/home/pi/fp_ws/src/fp_pkg': PYTHONPATH=/home/pi/fp_ws/build/fp_pkg/prefix_override:/usr/lib/python3/dist-packages/colcon_core/task/python/colcon_distutils_commands:/home/pi/fp_ws/install/fp_pkg/lib/python3.10/site-packages:${PYTHONPATH} /usr/bin/python3 -W ignore:setup.py install is deprecated -W ignore:easy_install command is deprecated setup.py egg_info --egg-base ../../build/fp_pkg build --build-base /home/pi/fp_ws/build/fp_pkg/build install --record /home/pi/fp_ws/build/fp_pkg/install.log --single-version-externally-managed install_data
[4.860s] running egg_info
[4.863s] writing ../../build/fp_pkg/fp_pkg.egg-info/PKG-INFO
[4.866s] writing dependency_links to ../../build/fp_pkg/fp_pkg.egg-info/dependency_links.txt
[4.867s] writing entry points to ../../build/fp_pkg/fp_pkg.egg-info/entry_points.txt
[4.868s] writing requirements to ../../build/fp_pkg/fp_pkg.egg-info/requires.txt
[4.868s] writing top-level names to ../../build/fp_pkg/fp_pkg.egg-info/top_level.txt
[4.877s] reading manifest file '../../build/fp_pkg/fp_pkg.egg-info/SOURCES.txt'
[4.882s] writing manifest file '../../build/fp_pkg/fp_pkg.egg-info/SOURCES.txt'
[4.882s] running build
[4.883s] running build_py
[4.895s] running install
[4.897s] running install_lib
[4.911s] running install_data
[4.912s] running install_egg_info
[4.919s] removing '/home/pi/fp_ws/install/fp_pkg/lib/python3.10/site-packages/fp_pkg-0.0.0-py3.10.egg-info' (and everything under it)
[4.921s] Copying ../../build/fp_pkg/fp_pkg.egg-info to /home/pi/fp_ws/install/fp_pkg/lib/python3.10/site-packages/fp_pkg-0.0.0-py3.10.egg-info
[4.927s] running install_scripts
[5.007s] Installing carry_node script to /home/pi/fp_ws/install/fp_pkg/lib/fp_pkg
[5.007s] Installing sensor_node script to /home/pi/fp_ws/install/fp_pkg/lib/fp_pkg
[5.009s] writing list of installed files to '/home/pi/fp_ws/build/fp_pkg/install.log'
[5.129s] Invoked command in '/home/pi/fp_ws/src/fp_pkg' returned '0': PYTHONPATH=/home/pi/fp_ws/build/fp_pkg/prefix_override:/usr/lib/python3/dist-packages/colcon_core/task/python/colcon_distutils_commands:/home/pi/fp_ws/install/fp_pkg/lib/python3.10/site-packages:${PYTHONPATH} /usr/bin/python3 -W ignore:setup.py install is deprecated -W ignore:easy_install command is deprecated setup.py egg_info --egg-base ../../build/fp_pkg build --build-base /home/pi/fp_ws/build/fp_pkg/build install --record /home/pi/fp_ws/build/fp_pkg/install.log --single-version-externally-managed install_data
